Using pre-set license
Built from '2021.3/staging' branch; Version is '2021.3.45f1 (0da89fac8e79) revision 895135'; Using compiler version '192829333'; Build Type 'Release'
OS: 'Windows 11  (10.0.26100) 64bit Core' Language: 'it' Physical Memory: 16147 MB
BatchMode: 1, IsHumanControllingUs: 0, StartBugReporterOnCrash: 0, Is64bit: 1, IsPro: 1

COMMAND LINE ARGUMENTS:
C:\Program Files\Unity\Hub\Editor\2021.3.45f1\Editor\Unity.exe
-adb2
-batchMode
-noUpm
-name
AssetImportWorker1
-projectPath
C:/Users/cizao/Average Tumblr User Simulator
-logFile
Logs/AssetImportWorker1.log
-srvPort
53640
Successfully changed project path to: C:/Users/cizao/Average Tumblr User Simulator
C:/Users/cizao/Average Tumblr User Simulator
[UnityMemory] Configuration Parameters - Can be set up in boot.config
    "memorysetup-bucket-allocator-granularity=16"
    "memorysetup-bucket-allocator-bucket-count=8"
    "memorysetup-bucket-allocator-block-size=33554432"
    "memorysetup-bucket-allocator-block-count=8"
    "memorysetup-main-allocator-block-size=16777216"
    "memorysetup-thread-allocator-block-size=16777216"
    "memorysetup-gfx-main-allocator-block-size=16777216"
    "memorysetup-gfx-thread-allocator-block-size=16777216"
    "memorysetup-cache-allocator-block-size=4194304"
    "memorysetup-typetree-allocator-block-size=2097152"
    "memorysetup-profiler-bucket-allocator-granularity=16"
    "memorysetup-profiler-bucket-allocator-bucket-count=8"
    "memorysetup-profiler-bucket-allocator-block-size=33554432"
    "memorysetup-profiler-bucket-allocator-block-count=8"
    "memorysetup-profiler-allocator-block-size=16777216"
    "memorysetup-profiler-editor-allocator-block-size=1048576"
    "memorysetup-temp-allocator-size-main=16777216"
    "memorysetup-job-temp-allocator-block-size=2097152"
    "memorysetup-job-temp-allocator-block-size-background=1048576"
    "memorysetup-job-temp-allocator-reduction-small-platforms=262144"
    "memorysetup-temp-allocator-size-background-worker=32768"
    "memorysetup-temp-allocator-size-job-worker=262144"
    "memorysetup-temp-allocator-size-preload-manager=33554432"
    "memorysetup-temp-allocator-size-nav-mesh-worker=65536"
    "memorysetup-temp-allocator-size-audio-worker=65536"
    "memorysetup-temp-allocator-size-cloud-worker=32768"
    "memorysetup-temp-allocator-size-gi-baking-worker=262144"
    "memorysetup-temp-allocator-size-gfx=262144"
Player connection [28044] Host "[IP] 192.168.1.150 [Port] 0 [Flags] 2 [Guid] 1805493739 [EditorId] 1805493739 [Version] 1048832 [Id] WindowsEditor(7,LAPTOP-OSRN4C6S) [Debug] 1 [PackageName] WindowsEditor [ProjectName] Editor" joined multi-casting on [225.0.0.222:54997]...

Player connection [28044] Host "[IP] 192.168.1.150 [Port] 0 [Flags] 2 [Guid] 1805493739 [EditorId] 1805493739 [Version] 1048832 [Id] WindowsEditor(7,LAPTOP-OSRN4C6S) [Debug] 1 [PackageName] WindowsEditor [ProjectName] Editor" joined alternative multi-casting on [225.0.0.222:34997]...

[Physics::Module] Initialized MultithreadedJobDispatcher with {0} workers.
Refreshing native plugins compatible for Editor in 84.24 ms, found 3 plugins.
Preloading 0 native plugins for Editor in 0.00 ms.
Initialize engine version: 2021.3.45f1 (0da89fac8e79)
[Subsystems] Discovering subsystems at path C:/Program Files/Unity/Hub/Editor/2021.3.45f1/Editor/Data/Resources/UnitySubsystems
[Subsystems] Discovering subsystems at path C:/Users/cizao/Average Tumblr User Simulator/Assets
GfxDevice: creating device client; threaded=0; jobified=0
Direct3D:
    Version:  Direct3D 11.0 [level 11.1]
    Renderer: NVIDIA GeForce RTX 3060 Laptop GPU (ID=0x2520)
    Vendor:   NVIDIA
    VRAM:     6023 MB
    Driver:   27.21.14.6262
Initialize mono
Mono path[0] = 'C:/Program Files/Unity/Hub/Editor/2021.3.45f1/Editor/Data/Managed'
Mono path[1] = 'C:/Program Files/Unity/Hub/Editor/2021.3.45f1/Editor/Data/MonoBleedingEdge/lib/mono/unityjit-win32'
Mono config path = 'C:/Program Files/Unity/Hub/Editor/2021.3.45f1/Editor/Data/MonoBleedingEdge/etc'
Using monoOptions --debugger-agent=transport=dt_socket,embedding=1,server=y,suspend=n,address=127.0.0.1:56856
Begin MonoManager ReloadAssembly
Registering precompiled unity dll's ...
Register platform support module: C:/Program Files/Unity/Hub/Editor/2021.3.45f1/Editor/Data/PlaybackEngines/WebGLSupport/UnityEditor.WebGL.Extensions.dll
Register platform support module: C:/Program Files/Unity/Hub/Editor/2021.3.45f1/Editor/Data/PlaybackEngines/WindowsStandaloneSupport/UnityEditor.WindowsStandalone.Extensions.dll
Registered in 0.012766 seconds.
Native extension for WindowsStandalone target not found
Native extension for WebGL target not found
Refreshing native plugins compatible for Editor in 70.14 ms, found 3 plugins.
Preloading 0 native plugins for Editor in 0.00 ms.
Mono: successfully reloaded assembly
- Completed reload, in  0.926 seconds
Domain Reload Profiling:
	ReloadAssembly (927ms)
		BeginReloadAssembly (151ms)
			ExecutionOrderSort (0ms)
			DisableScriptedObjects (0ms)
			BackupInstance (0ms)
			ReleaseScriptingObjects (0ms)
			CreateAndSetChildDomain (2ms)
		EndReloadAssembly (630ms)
			LoadAssemblies (145ms)
			RebuildTransferFunctionScriptingTraits (0ms)
			SetupTypeCache (136ms)
			ReleaseScriptCaches (0ms)
			RebuildScriptCaches (47ms)
			SetupLoadedEditorAssemblies (380ms)
				LogAssemblyErrors (0ms)
				InitializePlatformSupportModulesInManaged (15ms)
				SetLoadedEditorAssemblies (0ms)
				RefreshPlugins (70ms)
				BeforeProcessingInitializeOnLoad (2ms)
				ProcessInitializeOnLoadAttributes (213ms)
				ProcessInitializeOnLoadMethodAttributes (79ms)
				AfterProcessingInitializeOnLoad (0ms)
				EditorAssembliesLoaded (0ms)
			ExecutionOrderSort2 (0ms)
			AwakeInstancesAfterBackupRestoration (0ms)
Platform modules already initialized, skipping
Registering precompiled user dll's ...
Registered in 0.009253 seconds.
Begin MonoManager ReloadAssembly
Native extension for WindowsStandalone target not found
Native extension for WebGL target not found
Refreshing native plugins compatible for Editor in 0.67 ms, found 3 plugins.
Preloading 0 native plugins for Editor in 0.00 ms.
Package Manager log level set to [2]
[Package Manager] Server::EnsureServerProcessIsRunning -- launch failed, reason: Unity was launched with the -noUpm command-line argument
[Package Manager] Cannot connect to Unity Package Manager local server
Mono: successfully reloaded assembly
- Completed reload, in  1.934 seconds
Domain Reload Profiling:
	ReloadAssembly (1935ms)
		BeginReloadAssembly (203ms)
			ExecutionOrderSort (0ms)
			DisableScriptedObjects (9ms)
			BackupInstance (0ms)
			ReleaseScriptingObjects (0ms)
			CreateAndSetChildDomain (28ms)
		EndReloadAssembly (1578ms)
			LoadAssemblies (149ms)
			RebuildTransferFunctionScriptingTraits (0ms)
			SetupTypeCache (393ms)
			ReleaseScriptCaches (1ms)
			RebuildScriptCaches (73ms)
			SetupLoadedEditorAssemblies (967ms)
				LogAssemblyErrors (0ms)
				InitializePlatformSupportModulesInManaged (11ms)
				SetLoadedEditorAssemblies (0ms)
				RefreshPlugins (1ms)
				BeforeProcessingInitializeOnLoad (96ms)
				ProcessInitializeOnLoadAttributes (812ms)
				ProcessInitializeOnLoadMethodAttributes (33ms)
				AfterProcessingInitializeOnLoad (14ms)
				EditorAssembliesLoaded (0ms)
			ExecutionOrderSort2 (0ms)
			AwakeInstancesAfterBackupRestoration (11ms)
Platform modules already initialized, skipping
========================================================================
Worker process is ready to serve import requests
Launched and connected shader compiler UnityShaderCompiler.exe after 0.09 seconds
Refreshing native plugins compatible for Editor in 0.92 ms, found 3 plugins.
Preloading 0 native plugins for Editor in 0.00 ms.
Unloading 3083 Unused Serialized files (Serialized files now loaded: 0)
Unloading 24 unused Assets / (47.6 KB). Loaded Objects now: 3568.
Memory consumption went from 123.4 MB to 123.3 MB.
Total: 3.792100 ms (FindLiveObjects: 0.366100 ms CreateObjectMapping: 0.140500 ms MarkObjects: 3.143500 ms  DeleteObjects: 0.140200 ms)

AssetImportParameters requested are different than current active one (requested -> active):
  custom:video-decoder-ogg-theora: a1e56fd34408186e4bbccfd4996cb3dc -> 
  custom:container-muxer-webm: aa71ff27fc2769a1b78a27578f13a17b -> 
  custom:container-demuxer-webm: 4f35f7cbe854078d1ac9338744f61a02 -> 
  custom:video-encoder-webm-vp8: eb34c28f22e8b96e1ab97ce403110664 -> 
  custom:CustomObjectIndexerAttribute: bc11b3a6c3213fcdd17b65e7da85e133 -> 
  custom:audio-encoder-webm-vorbis: bf7c407c2cedff20999df2af8eb42d56 -> 
  custom:framework-win-MediaFoundation: 216162199b28c13a410421893ffa2e32 -> 
  custom:SearchIndexIgnoredProperties: e643bd26f0fe6173181afceb89e7c659 -> 
  custom:container-demuxer-ogg: 62fdf1f143b41e24485cea50d1cbac27 -> 
  custom:video-decoder-webm-vp8: 9c59270c3fd7afecdb556c50c9e8de78 -> 
  custom:audio-decoder-ogg-vorbis: bf7c407c2cedff20999df2af8eb42d56 -> 
========================================================================
Received Import Request.
  Time since last request: 1899101.444927 seconds.
  path: Assets/New Terrain 7.asset
  artifactKey: Guid(c27c24ea7a901784ea89b3d555d17cea) Importer(815301076,1909f56bfc062723c751e8b465ee728b)
Number of updated assets reloaded before import = 0
Start importing Assets/New Terrain 7.asset using Guid(c27c24ea7a901784ea89b3d555d17cea) Importer(815301076,1909f56bfc062723c751e8b465ee728b)  -> (artifact id: '87cb5972757028b4aa587311bedecb7f') in 0.061849 seconds 
Number of asset objects unloaded after import = 1
========================================================================
Received Import Request.
  Time since last request: 558.415265 seconds.
  path: Assets/Brick garages/Textures/Occlusion/AmbientOcclusion.tif
  artifactKey: Guid(62526cc2ff4e993408a56be36760c704) Importer(815301076,1909f56bfc062723c751e8b465ee728b)
Number of updated assets reloaded before import = 0
Start importing Assets/Brick garages/Textures/Occlusion/AmbientOcclusion.tif using Guid(62526cc2ff4e993408a56be36760c704) Importer(815301076,1909f56bfc062723c751e8b465ee728b)  -> (artifact id: '3164796acd38bf4fed008b2dbcaaff50') in 0.139151 seconds 
Number of asset objects unloaded after import = 2
========================================================================
Received Import Request.
  Time since last request: 0.000048 seconds.
  path: Assets/Brick garages/Textures/Occlusion/AORedMetal.tif
  artifactKey: Guid(f55a22a80a38c4d45b45defbc4e40c16) Importer(815301076,1909f56bfc062723c751e8b465ee728b)
Number of updated assets reloaded before import = 0
Start importing Assets/Brick garages/Textures/Occlusion/AORedMetal.tif using Guid(f55a22a80a38c4d45b45defbc4e40c16) Importer(815301076,1909f56bfc062723c751e8b465ee728b)  -> (artifact id: 'e477fd72ced481672c7bbbf3fcbe8f6f') in 0.015476 seconds 
Number of asset objects unloaded after import = 2
========================================================================
Received Import Request.
  Time since last request: 0.000225 seconds.
  path: Assets/Brick garages/Textures/Occlusion/aoGrass.tif
  artifactKey: Guid(4d20733cd97fdb047b74689f325c61b2) Importer(815301076,1909f56bfc062723c751e8b465ee728b)
Number of updated assets reloaded before import = 0
Start importing Assets/Brick garages/Textures/Occlusion/aoGrass.tif using Guid(4d20733cd97fdb047b74689f325c61b2) Importer(815301076,1909f56bfc062723c751e8b465ee728b)  -> (artifact id: 'c3992e55f5f8f734ce2a87737a788156') in 0.015268 seconds 
Number of asset objects unloaded after import = 2
========================================================================
Received Import Request.
  Time since last request: 0.000030 seconds.
  path: Assets/Brick garages/Textures/Occlusion/AOGrayMetal.tif
  artifactKey: Guid(11cf9e2c2f8ccda42ba3707352fb6e2a) Importer(815301076,1909f56bfc062723c751e8b465ee728b)
Number of updated assets reloaded before import = 0
Start importing Assets/Brick garages/Textures/Occlusion/AOGrayMetal.tif using Guid(11cf9e2c2f8ccda42ba3707352fb6e2a) Importer(815301076,1909f56bfc062723c751e8b465ee728b)  -> (artifact id: '1214487e5914f450fff9e89b1a4306e3') in 0.017441 seconds 
Number of asset objects unloaded after import = 2
========================================================================
Received Import Request.
  Time since last request: 0.000030 seconds.
  path: Assets/Brick garages/Textures/Occlusion/AOBlueMetal.tif
  artifactKey: Guid(ea316f9e2f10de041b9d9039e573cfff) Importer(815301076,1909f56bfc062723c751e8b465ee728b)
Number of updated assets reloaded before import = 0
Start importing Assets/Brick garages/Textures/Occlusion/AOBlueMetal.tif using Guid(ea316f9e2f10de041b9d9039e573cfff) Importer(815301076,1909f56bfc062723c751e8b465ee728b)  -> (artifact id: 'a4ed17bd77df861bd90ad55087b23639') in 0.015924 seconds 
Number of asset objects unloaded after import = 2
========================================================================
Received Import Request.
  Time since last request: 0.000069 seconds.
  path: Assets/Brick garages/Textures/Occlusion/AOGreenMetal.tif
  artifactKey: Guid(1a763aec1ba10c044910a8db8af34bce) Importer(815301076,1909f56bfc062723c751e8b465ee728b)
Number of updated assets reloaded before import = 0
Start importing Assets/Brick garages/Textures/Occlusion/AOGreenMetal.tif using Guid(1a763aec1ba10c044910a8db8af34bce) Importer(815301076,1909f56bfc062723c751e8b465ee728b)  -> (artifact id: 'c640fd0069c7f3487e5f6bb9873f8f5d') in 0.015182 seconds 
Number of asset objects unloaded after import = 2
========================================================================
Received Import Request.
  Time since last request: 0.278547 seconds.
  path: Assets/ModularLowpolyStreetsFree/Materials/Other/Textures/Bench-1_AlbedoGloss.png
  artifactKey: Guid(bf7f7600a10541d498fc91c44220c04c) Importer(815301076,1909f56bfc062723c751e8b465ee728b)
Number of updated assets reloaded before import = 0
Start importing Assets/ModularLowpolyStreetsFree/Materials/Other/Textures/Bench-1_AlbedoGloss.png using Guid(bf7f7600a10541d498fc91c44220c04c) Importer(815301076,1909f56bfc062723c751e8b465ee728b)  -> (artifact id: '8a39de296c6e3cd9f99ef267c0fb7a11') in 0.021726 seconds 
Number of asset objects unloaded after import = 2
========================================================================
Received Import Request.
  Time since last request: 20.002121 seconds.
  path: Assets/ModularLowpolyStreetsFree/Materials/Other/Textures/Bench-1_Normal.png
  artifactKey: Guid(c961c4dad44c8d34990b1c929d370fe6) Importer(815301076,1909f56bfc062723c751e8b465ee728b)
Number of updated assets reloaded before import = 0
Start importing Assets/ModularLowpolyStreetsFree/Materials/Other/Textures/Bench-1_Normal.png using Guid(c961c4dad44c8d34990b1c929d370fe6) Importer(815301076,1909f56bfc062723c751e8b465ee728b)  -> (artifact id: '8178408e2c40dca82f626a9dd600a28c') in 0.068194 seconds 
Number of asset objects unloaded after import = 2
========================================================================
Received Import Request.
  Time since last request: 1.358025 seconds.
  path: Assets/Azerilo/Car Model No.1201 Asset/Material/Texture/BrakeDiskTexture.png
  artifactKey: Guid(9d798e1b90dd8b447919c98b87d3d09b) Importer(815301076,1909f56bfc062723c751e8b465ee728b)
Number of updated assets reloaded before import = 0
Start importing Assets/Azerilo/Car Model No.1201 Asset/Material/Texture/BrakeDiskTexture.png using Guid(9d798e1b90dd8b447919c98b87d3d09b) Importer(815301076,1909f56bfc062723c751e8b465ee728b)  -> (artifact id: '423dc440566435a5338c3a9e7058ff2a') in 0.015504 seconds 
Number of asset objects unloaded after import = 2
========================================================================
Received Import Request.
  Time since last request: 8.570420 seconds.
  path: Assets/Pickup/Textures/Body/4096/Damaged_Dirt/Damaged_Dirt_4096_AlbedoTransparency.png
  artifactKey: Guid(bff59bc19329e26498a7797bf2a937cf) Importer(815301076,1909f56bfc062723c751e8b465ee728b)
Number of updated assets reloaded before import = 0
Start importing Assets/Pickup/Textures/Body/4096/Damaged_Dirt/Damaged_Dirt_4096_AlbedoTransparency.png using Guid(bff59bc19329e26498a7797bf2a937cf) Importer(815301076,1909f56bfc062723c751e8b465ee728b)  -> (artifact id: '83b0a2c1b8250c3d0b1cc8d84c879220') in 0.038063 seconds 
Number of asset objects unloaded after import = 2
========================================================================
Received Import Request.
  Time since last request: 0.682899 seconds.
  path: Assets/Brick garages/Textures/Albedo/Diffuse_Ruberoid.png
  artifactKey: Guid(ce4c1e6bd75d3504cb5199b9f4c50eec) Importer(815301076,1909f56bfc062723c751e8b465ee728b)
Number of updated assets reloaded before import = 0
Start importing Assets/Brick garages/Textures/Albedo/Diffuse_Ruberoid.png using Guid(ce4c1e6bd75d3504cb5199b9f4c50eec) Importer(815301076,1909f56bfc062723c751e8b465ee728b)  -> (artifact id: '36bf0b51945f88ab0390ab23613ee40a') in 0.024796 seconds 
Number of asset objects unloaded after import = 2
========================================================================
Received Import Request.
  Time since last request: 1.148072 seconds.
  path: Assets/Brick garages/Textures/roughness/Displacement_Ruberoid.tif
  artifactKey: Guid(f57a62a18baa2414eaacc60849efdeba) Importer(815301076,1909f56bfc062723c751e8b465ee728b)
Number of updated assets reloaded before import = 0
Start importing Assets/Brick garages/Textures/roughness/Displacement_Ruberoid.tif using Guid(f57a62a18baa2414eaacc60849efdeba) Importer(815301076,1909f56bfc062723c751e8b465ee728b)  -> (artifact id: '55096c84fdcf5c9a31b35b8ecdb42082') in 0.020063 seconds 
Number of asset objects unloaded after import = 2
========================================================================
Received Import Request.
  Time since last request: 0.730226 seconds.
  path: Assets/Brick garages/Textures/Heighr Map/DisplacementRedMetal.tif
  artifactKey: Guid(da5404c35ca2aed43ad474b53cbdbacd) Importer(815301076,1909f56bfc062723c751e8b465ee728b)
Number of updated assets reloaded before import = 0
Start importing Assets/Brick garages/Textures/Heighr Map/DisplacementRedMetal.tif using Guid(da5404c35ca2aed43ad474b53cbdbacd) Importer(815301076,1909f56bfc062723c751e8b465ee728b)  -> (artifact id: '9e7169d61ba1008ac964fa7fc09dc6b1') in 0.020260 seconds 
Number of asset objects unloaded after import = 2
========================================================================
Received Import Request.
  Time since last request: 0.814299 seconds.
  path: Assets/Pickup/Textures/Frame/512/FrameTextures_512/Frame_512_Normal.png
  artifactKey: Guid(ca2d4a015a0814a48a3f54900d9bf067) Importer(815301076,1909f56bfc062723c751e8b465ee728b)
Number of updated assets reloaded before import = 0
Start importing Assets/Pickup/Textures/Frame/512/FrameTextures_512/Frame_512_Normal.png using Guid(ca2d4a015a0814a48a3f54900d9bf067) Importer(815301076,1909f56bfc062723c751e8b465ee728b)  -> (artifact id: 'dc956ac0f4201df0ed9f79fd672b91c3') in 0.016778 seconds 
Number of asset objects unloaded after import = 2
========================================================================
Received Import Request.
  Time since last request: 1.413149 seconds.
  path: Assets/Pickup/Textures/Frame/2048/FrameTextures_Dirt_2048/Frame_Dirt_2048_MetallicSmoothness.png
  artifactKey: Guid(57b6e7d442c6f954489f021c859a7cc1) Importer(815301076,1909f56bfc062723c751e8b465ee728b)
Number of updated assets reloaded before import = 0
Start importing Assets/Pickup/Textures/Frame/2048/FrameTextures_Dirt_2048/Frame_Dirt_2048_MetallicSmoothness.png using Guid(57b6e7d442c6f954489f021c859a7cc1) Importer(815301076,1909f56bfc062723c751e8b465ee728b)  -> (artifact id: '7a1a09c7897fe57e8eb55a73fa739658') in 0.032224 seconds 
Number of asset objects unloaded after import = 2
========================================================================
Received Import Request.
  Time since last request: 5.644344 seconds.
  path: Assets/Pickup/Textures/Body/4096/Mate/Mate_4096_MetallicSmoothness.png
  artifactKey: Guid(b440428735910a14f82f17ba1c992b24) Importer(815301076,1909f56bfc062723c751e8b465ee728b)
Number of updated assets reloaded before import = 0
Start importing Assets/Pickup/Textures/Body/4096/Mate/Mate_4096_MetallicSmoothness.png using Guid(b440428735910a14f82f17ba1c992b24) Importer(815301076,1909f56bfc062723c751e8b465ee728b)  -> (artifact id: 'e097375189409e8d6926f0e9c1c91f7e') in 0.018764 seconds 
Number of asset objects unloaded after import = 2
========================================================================
Received Import Request.
  Time since last request: 1.946659 seconds.
  path: Assets/Pickup/Textures/Body/2048/Metallic/Metallic_2048_Normal.png
  artifactKey: Guid(5995db6f911dd7f428bca527dd28c036) Importer(815301076,1909f56bfc062723c751e8b465ee728b)
Number of updated assets reloaded before import = 0
Start importing Assets/Pickup/Textures/Body/2048/Metallic/Metallic_2048_Normal.png using Guid(5995db6f911dd7f428bca527dd28c036) Importer(815301076,1909f56bfc062723c751e8b465ee728b)  -> (artifact id: '6194d51b3c5052100f32e77e1bf80ca1') in 0.019352 seconds 
Number of asset objects unloaded after import = 2
========================================================================
Received Import Request.
  Time since last request: 0.366853 seconds.
  path: Assets/Pickup/Textures/Body/512/Meallic_Dirt/Metallic_Dirt_512_AlbedoTransparency.png
  artifactKey: Guid(071474add9908684ebb76fe423defaf9) Importer(815301076,1909f56bfc062723c751e8b465ee728b)
Number of updated assets reloaded before import = 0
Start importing Assets/Pickup/Textures/Body/512/Meallic_Dirt/Metallic_Dirt_512_AlbedoTransparency.png using Guid(071474add9908684ebb76fe423defaf9) Importer(815301076,1909f56bfc062723c751e8b465ee728b)  -> (artifact id: '5718d391acd80efab5d9d7edd3d8814d') in 0.016628 seconds 
Number of asset objects unloaded after import = 2
========================================================================
Received Import Request.
  Time since last request: 0.809412 seconds.
  path: Assets/Brick garages/Textures/normal maps/NormalGrayMetal.png
  artifactKey: Guid(1362d9743891b194dad4f271ef2ca16d) Importer(815301076,1909f56bfc062723c751e8b465ee728b)
Number of updated assets reloaded before import = 0
Start importing Assets/Brick garages/Textures/normal maps/NormalGrayMetal.png using Guid(1362d9743891b194dad4f271ef2ca16d) Importer(815301076,1909f56bfc062723c751e8b465ee728b)  -> (artifact id: '6308e690cf23102ea5ce5f10176bb49f') in 0.017446 seconds 
Number of asset objects unloaded after import = 2
========================================================================
Received Import Request.
  Time since last request: 0.322590 seconds.
  path: Assets/Brick garages/Textures/Albedo/OldFloor_albedo.tif
  artifactKey: Guid(73df6c0e8cc20fc4da716b2b9d9d21ff) Importer(815301076,1909f56bfc062723c751e8b465ee728b)
Number of updated assets reloaded before import = 0
Start importing Assets/Brick garages/Textures/Albedo/OldFloor_albedo.tif using Guid(73df6c0e8cc20fc4da716b2b9d9d21ff) Importer(815301076,1909f56bfc062723c751e8b465ee728b)  -> (artifact id: 'c55ea670cdcbe65af2fd6132245d224f') in 0.017099 seconds 
Number of asset objects unloaded after import = 2
Editor requested this worker to shutdown with reason: Scaling down because of idle timeout
AssetImportWorker is now disconnected from the server
Process exiting
Exiting without the bug reporter. Application will terminate with return code 0