Using pre-set license
Built from '2021.3/staging' branch; Version is '2021.3.45f1 (0da89fac8e79) revision 895135'; Using compiler version '192829333'; Build Type 'Release'
OS: 'Windows 11  (10.0.26100) 64bit Core' Language: 'it' Physical Memory: 16147 MB
BatchMode: 1, IsHumanControllingUs: 0, StartBugReporterOnCrash: 0, Is64bit: 1, IsPro: 1

COMMAND LINE ARGUMENTS:
C:\Program Files\Unity\Hub\Editor\2021.3.45f1\Editor\Unity.exe
-adb2
-batchMode
-noUpm
-name
AssetImportWorker4
-projectPath
C:/Users/cizao/Documents/Average Tumblr User Simulator/Average-User-Tumblr-Simulator
-logFile
Logs/AssetImportWorker4.log
-srvPort
63719
Successfully changed project path to: C:/Users/cizao/Documents/Average Tumblr User Simulator/Average-User-Tumblr-Simulator
C:/Users/cizao/Documents/Average Tumblr User Simulator/Average-User-Tumblr-Simulator
[UnityMemory] Configuration Parameters - Can be set up in boot.config
    "memorysetup-bucket-allocator-granularity=16"
    "memorysetup-bucket-allocator-bucket-count=8"
    "memorysetup-bucket-allocator-block-size=33554432"
    "memorysetup-bucket-allocator-block-count=8"
    "memorysetup-main-allocator-block-size=16777216"
    "memorysetup-thread-allocator-block-size=16777216"
    "memorysetup-gfx-main-allocator-block-size=16777216"
    "memorysetup-gfx-thread-allocator-block-size=16777216"
    "memorysetup-cache-allocator-block-size=4194304"
    "memorysetup-typetree-allocator-block-size=2097152"
    "memorysetup-profiler-bucket-allocator-granularity=16"
    "memorysetup-profiler-bucket-allocator-bucket-count=8"
    "memorysetup-profiler-bucket-allocator-block-size=33554432"
    "memorysetup-profiler-bucket-allocator-block-count=8"
    "memorysetup-profiler-allocator-block-size=16777216"
    "memorysetup-profiler-editor-allocator-block-size=1048576"
    "memorysetup-temp-allocator-size-main=16777216"
    "memorysetup-job-temp-allocator-block-size=2097152"
    "memorysetup-job-temp-allocator-block-size-background=1048576"
    "memorysetup-job-temp-allocator-reduction-small-platforms=262144"
    "memorysetup-temp-allocator-size-background-worker=32768"
    "memorysetup-temp-allocator-size-job-worker=262144"
    "memorysetup-temp-allocator-size-preload-manager=33554432"
    "memorysetup-temp-allocator-size-nav-mesh-worker=65536"
    "memorysetup-temp-allocator-size-audio-worker=65536"
    "memorysetup-temp-allocator-size-cloud-worker=32768"
    "memorysetup-temp-allocator-size-gi-baking-worker=262144"
    "memorysetup-temp-allocator-size-gfx=262144"
Player connection [12372] Host "[IP] 192.168.1.150 [Port] 0 [Flags] 2 [Guid] 223486356 [EditorId] 223486356 [Version] 1048832 [Id] WindowsEditor(7,LAPTOP-OSRN4C6S) [Debug] 1 [PackageName] WindowsEditor [ProjectName] Editor" joined multi-casting on [225.0.0.222:54997]...

Player connection [12372] Host "[IP] 192.168.1.150 [Port] 0 [Flags] 2 [Guid] 223486356 [EditorId] 223486356 [Version] 1048832 [Id] WindowsEditor(7,LAPTOP-OSRN4C6S) [Debug] 1 [PackageName] WindowsEditor [ProjectName] Editor" joined alternative multi-casting on [225.0.0.222:34997]...

[Physics::Module] Initialized MultithreadedJobDispatcher with {0} workers.
Refreshing native plugins compatible for Editor in 112.46 ms, found 3 plugins.
Preloading 0 native plugins for Editor in 0.00 ms.
Initialize engine version: 2021.3.45f1 (0da89fac8e79)
[Subsystems] Discovering subsystems at path C:/Program Files/Unity/Hub/Editor/2021.3.45f1/Editor/Data/Resources/UnitySubsystems
[Subsystems] Discovering subsystems at path C:/Users/cizao/Documents/Average Tumblr User Simulator/Average-User-Tumblr-Simulator/Assets
GfxDevice: creating device client; threaded=0; jobified=0
Direct3D:
    Version:  Direct3D 11.0 [level 11.1]
    Renderer: NVIDIA GeForce RTX 3060 Laptop GPU (ID=0x2520)
    Vendor:   NVIDIA
    VRAM:     6023 MB
    Driver:   27.21.14.6262
Initialize mono
Mono path[0] = 'C:/Program Files/Unity/Hub/Editor/2021.3.45f1/Editor/Data/Managed'
Mono path[1] = 'C:/Program Files/Unity/Hub/Editor/2021.3.45f1/Editor/Data/MonoBleedingEdge/lib/mono/unityjit-win32'
Mono config path = 'C:/Program Files/Unity/Hub/Editor/2021.3.45f1/Editor/Data/MonoBleedingEdge/etc'
Using monoOptions --debugger-agent=transport=dt_socket,embedding=1,server=y,suspend=n,address=127.0.0.1:56696
Begin MonoManager ReloadAssembly
Registering precompiled unity dll's ...
Register platform support module: C:/Program Files/Unity/Hub/Editor/2021.3.45f1/Editor/Data/PlaybackEngines/WebGLSupport/UnityEditor.WebGL.Extensions.dll
Register platform support module: C:/Program Files/Unity/Hub/Editor/2021.3.45f1/Editor/Data/PlaybackEngines/WindowsStandaloneSupport/UnityEditor.WindowsStandalone.Extensions.dll
Registered in 0.010645 seconds.
Native extension for WindowsStandalone target not found
Native extension for WebGL target not found
Refreshing native plugins compatible for Editor in 116.12 ms, found 3 plugins.
Preloading 0 native plugins for Editor in 0.00 ms.
Mono: successfully reloaded assembly
- Completed reload, in  0.888 seconds
Domain Reload Profiling:
	ReloadAssembly (889ms)
		BeginReloadAssembly (141ms)
			ExecutionOrderSort (0ms)
			DisableScriptedObjects (0ms)
			BackupInstance (0ms)
			ReleaseScriptingObjects (0ms)
			CreateAndSetChildDomain (1ms)
		EndReloadAssembly (605ms)
			LoadAssemblies (138ms)
			RebuildTransferFunctionScriptingTraits (0ms)
			SetupTypeCache (132ms)
			ReleaseScriptCaches (0ms)
			RebuildScriptCaches (39ms)
			SetupLoadedEditorAssemblies (380ms)
				LogAssemblyErrors (0ms)
				InitializePlatformSupportModulesInManaged (13ms)
				SetLoadedEditorAssemblies (0ms)
				RefreshPlugins (116ms)
				BeforeProcessingInitializeOnLoad (1ms)
				ProcessInitializeOnLoadAttributes (192ms)
				ProcessInitializeOnLoadMethodAttributes (58ms)
				AfterProcessingInitializeOnLoad (0ms)
				EditorAssembliesLoaded (0ms)
			ExecutionOrderSort2 (0ms)
			AwakeInstancesAfterBackupRestoration (0ms)
Platform modules already initialized, skipping
Registering precompiled user dll's ...
Registered in 0.009265 seconds.
Begin MonoManager ReloadAssembly
Native extension for WindowsStandalone target not found
Native extension for WebGL target not found
Refreshing native plugins compatible for Editor in 2.22 ms, found 3 plugins.
Preloading 0 native plugins for Editor in 0.00 ms.
Package Manager log level set to [2]
[Package Manager] Server::EnsureServerProcessIsRunning -- launch failed, reason: Unity was launched with the -noUpm command-line argument
[Package Manager] Cannot connect to Unity Package Manager local server
Mono: successfully reloaded assembly
- Completed reload, in  1.872 seconds
Domain Reload Profiling:
	ReloadAssembly (1873ms)
		BeginReloadAssembly (184ms)
			ExecutionOrderSort (0ms)
			DisableScriptedObjects (9ms)
			BackupInstance (0ms)
			ReleaseScriptingObjects (0ms)
			CreateAndSetChildDomain (31ms)
		EndReloadAssembly (1558ms)
			LoadAssemblies (130ms)
			RebuildTransferFunctionScriptingTraits (0ms)
			SetupTypeCache (346ms)
			ReleaseScriptCaches (1ms)
			RebuildScriptCaches (71ms)
			SetupLoadedEditorAssemblies (994ms)
				LogAssemblyErrors (0ms)
				InitializePlatformSupportModulesInManaged (13ms)
				SetLoadedEditorAssemblies (1ms)
				RefreshPlugins (2ms)
				BeforeProcessingInitializeOnLoad (80ms)
				ProcessInitializeOnLoadAttributes (851ms)
				ProcessInitializeOnLoadMethodAttributes (30ms)
				AfterProcessingInitializeOnLoad (17ms)
				EditorAssembliesLoaded (0ms)
			ExecutionOrderSort2 (0ms)
			AwakeInstancesAfterBackupRestoration (10ms)
Platform modules already initialized, skipping
========================================================================
Worker process is ready to serve import requests
Launched and connected shader compiler UnityShaderCompiler.exe after 0.11 seconds
Refreshing native plugins compatible for Editor in 1.07 ms, found 3 plugins.
Preloading 0 native plugins for Editor in 0.00 ms.
Unloading 3154 Unused Serialized files (Serialized files now loaded: 0)
Unloading 24 unused Assets / (46.7 KB). Loaded Objects now: 3646.
Memory consumption went from 209.8 MB to 209.7 MB.
Total: 3.337800 ms (FindLiveObjects: 0.245700 ms CreateObjectMapping: 0.110800 ms MarkObjects: 2.901100 ms  DeleteObjects: 0.078700 ms)

AssetImportParameters requested are different than current active one (requested -> active):
  custom:video-decoder-ogg-theora: a1e56fd34408186e4bbccfd4996cb3dc -> 
  custom:container-muxer-webm: aa71ff27fc2769a1b78a27578f13a17b -> 
  custom:container-demuxer-webm: 4f35f7cbe854078d1ac9338744f61a02 -> 
  custom:video-encoder-webm-vp8: eb34c28f22e8b96e1ab97ce403110664 -> 
  custom:CustomObjectIndexerAttribute: bc11b3a6c3213fcdd17b65e7da85e133 -> 
  custom:audio-encoder-webm-vorbis: bf7c407c2cedff20999df2af8eb42d56 -> 
  custom:framework-win-MediaFoundation: 216162199b28c13a410421893ffa2e32 -> 
  custom:SearchIndexIgnoredProperties: e643bd26f0fe6173181afceb89e7c659 -> 
  custom:container-demuxer-ogg: 62fdf1f143b41e24485cea50d1cbac27 -> 
  custom:video-decoder-webm-vp8: 9c59270c3fd7afecdb556c50c9e8de78 -> 
  custom:audio-decoder-ogg-vorbis: bf7c407c2cedff20999df2af8eb42d56 -> 
========================================================================
Received Import Request.
  Time since last request: 1430.756586 seconds.
  path: Assets/Playground Low Poly/Prefabs
  artifactKey: Guid(ca46991f51b1485469af4dfc35a88f11) Importer(815301076,1909f56bfc062723c751e8b465ee728b)
Number of updated assets reloaded before import = 0
Start importing Assets/Playground Low Poly/Prefabs using Guid(ca46991f51b1485469af4dfc35a88f11) Importer(815301076,1909f56bfc062723c751e8b465ee728b)  -> (artifact id: '3b2df048cb459129ed0b7f00e2a33f93') in 0.024716 seconds 
Number of asset objects unloaded after import = 0
========================================================================
Received Import Request.
  Time since last request: 0.047782 seconds.
  path: Assets/Playground Low Poly/Prefabs/SM_Alcove_01.prefab
  artifactKey: Guid(30de34a35a4305c4498f476c8678d541) Importer(815301076,1909f56bfc062723c751e8b465ee728b)
Number of updated assets reloaded before import = 0
Start importing Assets/Playground Low Poly/Prefabs/SM_Alcove_01.prefab using Guid(30de34a35a4305c4498f476c8678d541) Importer(815301076,1909f56bfc062723c751e8b465ee728b)  -> (artifact id: '3126b00811be4e79699449d4d6c6870c') in 0.220913 seconds 
Number of asset objects unloaded after import = 11
========================================================================
Received Import Request.
  Time since last request: 0.000038 seconds.
  path: Assets/Playground Low Poly/Prefabs/SM_Crossbar_Stairs_01.prefab
  artifactKey: Guid(0a01ce2f5c886ac469ab722a233b6650) Importer(815301076,1909f56bfc062723c751e8b465ee728b)
Number of updated assets reloaded before import = 0
Start importing Assets/Playground Low Poly/Prefabs/SM_Crossbar_Stairs_01.prefab using Guid(0a01ce2f5c886ac469ab722a233b6650) Importer(815301076,1909f56bfc062723c751e8b465ee728b)  -> (artifact id: '69fc0174da4442f93af34fd27a956dfb') in 0.037801 seconds 
Number of asset objects unloaded after import = 15
========================================================================
Received Import Request.
  Time since last request: 0.000061 seconds.
  path: Assets/Playground Low Poly/Prefabs/SM_Trash_01.prefab
  artifactKey: Guid(df5f74d542da77f46b448ff86a251662) Importer(815301076,1909f56bfc062723c751e8b465ee728b)
Number of updated assets reloaded before import = 0
Start importing Assets/Playground Low Poly/Prefabs/SM_Trash_01.prefab using Guid(df5f74d542da77f46b448ff86a251662) Importer(815301076,1909f56bfc062723c751e8b465ee728b)  -> (artifact id: '188b99cc3e6448e40fb00142722faa76') in 0.020210 seconds 
Number of asset objects unloaded after import = 10
========================================================================
Received Import Request.
  Time since last request: 0.000016 seconds.
  path: Assets/Playground Low Poly/Prefabs/SM_Trash_02.prefab
  artifactKey: Guid(ee4a7f34f5261724c901112cd4fb5846) Importer(815301076,1909f56bfc062723c751e8b465ee728b)
Number of updated assets reloaded before import = 0
Start importing Assets/Playground Low Poly/Prefabs/SM_Trash_02.prefab using Guid(ee4a7f34f5261724c901112cd4fb5846) Importer(815301076,1909f56bfc062723c751e8b465ee728b)  -> (artifact id: 'd767e7722e21d48d5d8d06931894dc52') in 0.028473 seconds 
Number of asset objects unloaded after import = 10
========================================================================
Received Import Request.
  Time since last request: 0.000025 seconds.
  path: Assets/Playground Low Poly/Prefabs/SM_Sandbox_03.prefab
  artifactKey: Guid(f0badc85adb9b744ea1894728e94ef2f) Importer(815301076,1909f56bfc062723c751e8b465ee728b)
Number of updated assets reloaded before import = 0
Start importing Assets/Playground Low Poly/Prefabs/SM_Sandbox_03.prefab using Guid(f0badc85adb9b744ea1894728e94ef2f) Importer(815301076,1909f56bfc062723c751e8b465ee728b)  -> (artifact id: '70dbcc7a75d069018385a6185db1ea86') in 0.025680 seconds 
Number of asset objects unloaded after import = 10
========================================================================
Received Import Request.
  Time since last request: 0.000021 seconds.
  path: Assets/Playground Low Poly/Prefabs/SM_Swings_02.prefab
  artifactKey: Guid(44239bcf89012c540843eb92d48b4351) Importer(815301076,1909f56bfc062723c751e8b465ee728b)
Number of updated assets reloaded before import = 0
Start importing Assets/Playground Low Poly/Prefabs/SM_Swings_02.prefab using Guid(44239bcf89012c540843eb92d48b4351) Importer(815301076,1909f56bfc062723c751e8b465ee728b)  -> (artifact id: '5a6eba6e73f9bc2fdc7c4d55da5084cd') in 0.026458 seconds 
Number of asset objects unloaded after import = 10
========================================================================
Received Import Request.
  Time since last request: 0.000064 seconds.
  path: Assets/Playground Low Poly/Prefabs/SM_Toy_06.prefab
  artifactKey: Guid(8162285b6b8717e4bb13e44c94b9e83d) Importer(815301076,1909f56bfc062723c751e8b465ee728b)
Number of updated assets reloaded before import = 0
Start importing Assets/Playground Low Poly/Prefabs/SM_Toy_06.prefab using Guid(8162285b6b8717e4bb13e44c94b9e83d) Importer(815301076,1909f56bfc062723c751e8b465ee728b)  -> (artifact id: 'fd52407d60cde58e7e4b14bff9187a6e') in 0.035187 seconds 
Number of asset objects unloaded after import = 10
========================================================================
Received Import Request.
  Time since last request: 0.000043 seconds.
  path: Assets/Playground Low Poly/Prefabs/SM_Playground_01.prefab
  artifactKey: Guid(372d31140fa703a4dbfe7f1f34bd4a98) Importer(815301076,1909f56bfc062723c751e8b465ee728b)
Number of updated assets reloaded before import = 0
Start importing Assets/Playground Low Poly/Prefabs/SM_Playground_01.prefab using Guid(372d31140fa703a4dbfe7f1f34bd4a98) Importer(815301076,1909f56bfc062723c751e8b465ee728b)  -> (artifact id: 'c16f5fe85cfb77c4a5c28cad69c34e5a') in 0.020924 seconds 
Number of asset objects unloaded after import = 15
========================================================================
Received Import Request.
  Time since last request: 0.000027 seconds.
  path: Assets/Playground Low Poly/Prefabs/SM_Railings_Angle_01.prefab
  artifactKey: Guid(6ed24e37d2b36dc45977bf6b83f69595) Importer(815301076,1909f56bfc062723c751e8b465ee728b)
Number of updated assets reloaded before import = 0
Start importing Assets/Playground Low Poly/Prefabs/SM_Railings_Angle_01.prefab using Guid(6ed24e37d2b36dc45977bf6b83f69595) Importer(815301076,1909f56bfc062723c751e8b465ee728b)  -> (artifact id: 'a283de0e130105bc72fa5fd5bf958072') in 0.020487 seconds 
Number of asset objects unloaded after import = 11
========================================================================
Received Import Request.
  Time since last request: 0.000019 seconds.
  path: Assets/Playground Low Poly/Prefabs/SM_Sandbox_01.prefab
  artifactKey: Guid(189a0b5ee84cb454e98d2835383607d1) Importer(815301076,1909f56bfc062723c751e8b465ee728b)
Number of updated assets reloaded before import = 0
Start importing Assets/Playground Low Poly/Prefabs/SM_Sandbox_01.prefab using Guid(189a0b5ee84cb454e98d2835383607d1) Importer(815301076,1909f56bfc062723c751e8b465ee728b)  -> (artifact id: '5a8ae490596da3d77698ad58ff38ee94') in 0.023416 seconds 
Number of asset objects unloaded after import = 10
========================================================================
Received Import Request.
  Time since last request: 8.627016 seconds.
  path: Assets/Police_officer/Prefab
  artifactKey: Guid(992af3dd5f764e844baa08be13191a05) Importer(815301076,1909f56bfc062723c751e8b465ee728b)
Number of updated assets reloaded before import = 0
Start importing Assets/Police_officer/Prefab using Guid(992af3dd5f764e844baa08be13191a05) Importer(815301076,1909f56bfc062723c751e8b465ee728b)  -> (artifact id: 'a3751c9171e9398feeae4440245d7748') in 0.003545 seconds 
Number of asset objects unloaded after import = 0
========================================================================
Received Import Request.
  Time since last request: 0.057169 seconds.
  path: Assets/Police_officer/Prefab/police_officer.prefab
  artifactKey: Guid(a2e2a04d8921316448b92f30ce1d2ed5) Importer(815301076,1909f56bfc062723c751e8b465ee728b)
Number of updated assets reloaded before import = 0
Start importing Assets/Police_officer/Prefab/police_officer.prefab using Guid(a2e2a04d8921316448b92f30ce1d2ed5) Importer(815301076,1909f56bfc062723c751e8b465ee728b)  -> (artifact id: 'de0d84f6f1eca41f0addadf14e8a2bad') in 1.207084 seconds 
Number of asset objects unloaded after import = 217
========================================================================
Received Import Request.
  Time since last request: 10.277806 seconds.
  path: Assets/Police_officer/Base_mesh/police_officer.fbx
  artifactKey: Guid(85d4e0981a5b87e4c8ac3bb8f15a83a6) Importer(815301076,1909f56bfc062723c751e8b465ee728b)
Number of updated assets reloaded before import = 0
Start importing Assets/Police_officer/Base_mesh/police_officer.fbx using Guid(85d4e0981a5b87e4c8ac3bb8f15a83a6) Importer(815301076,1909f56bfc062723c751e8b465ee728b)  -> (artifact id: '7b8155f6d9dfe86de6d1e63abd823994') in 0.274845 seconds 
Number of asset objects unloaded after import = 217
========================================================================
Received Import Request.
  Time since last request: 1.755158 seconds.
  path: Assets/Police_officer/Materials/M_policeofficer_cap.mat
  artifactKey: Guid(4378ec9bf33346243aefe533817a6ab9) Importer(815301076,1909f56bfc062723c751e8b465ee728b)
Number of updated assets reloaded before import = 0
Start importing Assets/Police_officer/Materials/M_policeofficer_cap.mat using Guid(4378ec9bf33346243aefe533817a6ab9) Importer(815301076,1909f56bfc062723c751e8b465ee728b)  -> (artifact id: '77cdca43e04118a625c8d2757eb5a671') in 0.079285 seconds 
Number of asset objects unloaded after import = 4
========================================================================
Received Import Request.
  Time since last request: 0.000024 seconds.
  path: Assets/Police_officer/Materials/M_policeofficer_torso.mat
  artifactKey: Guid(f63c6b1e550871845aaf5a312c71fa06) Importer(815301076,1909f56bfc062723c751e8b465ee728b)
Number of updated assets reloaded before import = 0
Start importing Assets/Police_officer/Materials/M_policeofficer_torso.mat using Guid(f63c6b1e550871845aaf5a312c71fa06) Importer(815301076,1909f56bfc062723c751e8b465ee728b)  -> (artifact id: '39d655372cf20cccc345acfe810a48ca') in 0.095990 seconds 
Number of asset objects unloaded after import = 4
========================================================================
Received Import Request.
  Time since last request: 0.000037 seconds.
  path: Assets/Police_officer/Materials/M_policeofficerl_pistolet.mat
  artifactKey: Guid(9a49fe007afe1ca4d8e98bad063055c8) Importer(815301076,1909f56bfc062723c751e8b465ee728b)
Number of updated assets reloaded before import = 0
Start importing Assets/Police_officer/Materials/M_policeofficerl_pistolet.mat using Guid(9a49fe007afe1ca4d8e98bad063055c8) Importer(815301076,1909f56bfc062723c751e8b465ee728b)  -> (artifact id: '250737ee726e80cd2fb77993481082ee') in 0.039001 seconds 
Number of asset objects unloaded after import = 4
========================================================================
Received Import Request.
  Time since last request: 1.931421 seconds.
  path: Assets/Police_officer/Texture/M_policeofficer_pistolet_MetallicSmoothness.png
  artifactKey: Guid(0455ea3a8a3c028479277ce932f2c10b) Importer(815301076,1909f56bfc062723c751e8b465ee728b)
Number of updated assets reloaded before import = 0
Start importing Assets/Police_officer/Texture/M_policeofficer_pistolet_MetallicSmoothness.png using Guid(0455ea3a8a3c028479277ce932f2c10b) Importer(815301076,1909f56bfc062723c751e8b465ee728b)  -> (artifact id: 'c53f37c9ef65f9a23582b0c8518c2df9') in 0.144646 seconds 
Number of asset objects unloaded after import = 2
========================================================================
Received Import Request.
  Time since last request: 0.000031 seconds.
  path: Assets/Police_officer/Texture/T_policeofficer_cap_MetallicSmoothness.tga
  artifactKey: Guid(655f3769238a32a4eb1c96e870c3dd48) Importer(815301076,1909f56bfc062723c751e8b465ee728b)
Number of updated assets reloaded before import = 0
Start importing Assets/Police_officer/Texture/T_policeofficer_cap_MetallicSmoothness.tga using Guid(655f3769238a32a4eb1c96e870c3dd48) Importer(815301076,1909f56bfc062723c751e8b465ee728b)  -> (artifact id: '2412064d21d94ae1008a5f079eef1c9b') in 0.030837 seconds 
Number of asset objects unloaded after import = 2
========================================================================
Received Import Request.
  Time since last request: 0.000060 seconds.
  path: Assets/Police_officer/Texture/T_policeofficer_head_AlbedoTransparency.tga
  artifactKey: Guid(ec6c6b8846b99ca48a61f613c9350afc) Importer(815301076,1909f56bfc062723c751e8b465ee728b)
Number of updated assets reloaded before import = 0
Start importing Assets/Police_officer/Texture/T_policeofficer_head_AlbedoTransparency.tga using Guid(ec6c6b8846b99ca48a61f613c9350afc) Importer(815301076,1909f56bfc062723c751e8b465ee728b)  -> (artifact id: '98ad828f794ba334fde2655a3b4af0aa') in 0.024408 seconds 
Number of asset objects unloaded after import = 2
========================================================================
Received Import Request.
  Time since last request: 0.000033 seconds.
  path: Assets/Police_officer/Texture/T_policeofficerl_hair_MetallicSmoothness.tga
  artifactKey: Guid(46346b13877504b48a6a800c48809643) Importer(815301076,1909f56bfc062723c751e8b465ee728b)
Number of updated assets reloaded before import = 0
Start importing Assets/Police_officer/Texture/T_policeofficerl_hair_MetallicSmoothness.tga using Guid(46346b13877504b48a6a800c48809643) Importer(815301076,1909f56bfc062723c751e8b465ee728b)  -> (artifact id: '14c231c49727e83225c65c9dc3fb0eaa') in 0.035545 seconds 
Number of asset objects unloaded after import = 2
========================================================================
Received Import Request.
  Time since last request: 0.000026 seconds.
  path: Assets/Police_officer/Texture/T_policeofficer_head_MetallicSmoothness.tga
  artifactKey: Guid(514cac5d5f090184dbbe9551c87030f6) Importer(815301076,1909f56bfc062723c751e8b465ee728b)
Number of updated assets reloaded before import = 0
Start importing Assets/Police_officer/Texture/T_policeofficer_head_MetallicSmoothness.tga using Guid(514cac5d5f090184dbbe9551c87030f6) Importer(815301076,1909f56bfc062723c751e8b465ee728b)  -> (artifact id: 'de53ea43b43a5bd09ad13d099fd89902') in 0.024579 seconds 
Number of asset objects unloaded after import = 2
========================================================================
Received Import Request.
  Time since last request: 30.305185 seconds.
  path: Assets/SciFiProps/Prefabs
  artifactKey: Guid(f3ded4b49c317324b8b9e9d07256283d) Importer(815301076,1909f56bfc062723c751e8b465ee728b)
Number of updated assets reloaded before import = 0
Start importing Assets/SciFiProps/Prefabs using Guid(f3ded4b49c317324b8b9e9d07256283d) Importer(815301076,1909f56bfc062723c751e8b465ee728b)  -> (artifact id: '72b53aaaf8d1a9aa39265b0f83a36e97') in 0.003511 seconds 
Number of asset objects unloaded after import = 0
========================================================================
Received Import Request.
  Time since last request: 0.083448 seconds.
  path: Assets/SciFiProps/Prefabs/Cabinet.prefab
  artifactKey: Guid(fb3f307d37061c240ba7c71bdd276f84) Importer(815301076,1909f56bfc062723c751e8b465ee728b)
Number of updated assets reloaded before import = 0
Start importing Assets/SciFiProps/Prefabs/Cabinet.prefab using Guid(fb3f307d37061c240ba7c71bdd276f84) Importer(815301076,1909f56bfc062723c751e8b465ee728b)  -> (artifact id: '7a678dcaf94458e9c55cf62cd7010f0c') in 0.088776 seconds 
Number of asset objects unloaded after import = 28
========================================================================
Received Import Request.
  Time since last request: 0.000018 seconds.
  path: Assets/SciFiProps/Prefabs/Floor.prefab
  artifactKey: Guid(236b4c429fa818247ac2b2f2ff7e5f41) Importer(815301076,1909f56bfc062723c751e8b465ee728b)
Number of updated assets reloaded before import = 0
Start importing Assets/SciFiProps/Prefabs/Floor.prefab using Guid(236b4c429fa818247ac2b2f2ff7e5f41) Importer(815301076,1909f56bfc062723c751e8b465ee728b)  -> (artifact id: '138d8e74da7ce81c2f3be9bebd2da6b9') in 0.034817 seconds 
Number of asset objects unloaded after import = 11
========================================================================
Received Import Request.
  Time since last request: 0.000033 seconds.
  path: Assets/SciFiProps/Prefabs/GlassTank.prefab
  artifactKey: Guid(9c497fb69241f2244b41ccc375bc8606) Importer(815301076,1909f56bfc062723c751e8b465ee728b)
Number of updated assets reloaded before import = 0
Start importing Assets/SciFiProps/Prefabs/GlassTank.prefab using Guid(9c497fb69241f2244b41ccc375bc8606) Importer(815301076,1909f56bfc062723c751e8b465ee728b)  -> (artifact id: 'b0f8403b5b3b6128e07ca96dfcf8160a') in 0.091302 seconds 
Number of asset objects unloaded after import = 18
========================================================================
Received Import Request.
  Time since last request: 0.000039 seconds.
  path: Assets/SciFiProps/Prefabs/Light3.prefab
  artifactKey: Guid(f5d85bd0d27605841ae52c08021cf708) Importer(815301076,1909f56bfc062723c751e8b465ee728b)
Number of updated assets reloaded before import = 0
Start importing Assets/SciFiProps/Prefabs/Light3.prefab using Guid(f5d85bd0d27605841ae52c08021cf708) Importer(815301076,1909f56bfc062723c751e8b465ee728b)  -> (artifact id: 'f7f08ac5d4f68a5148827d54f57c3951') in 0.068605 seconds 
Number of asset objects unloaded after import = 22
========================================================================
Received Import Request.
  Time since last request: 0.000027 seconds.
  path: Assets/SciFiProps/Prefabs/Light1.prefab
  artifactKey: Guid(84d409b98da261f4e9cc16121a7a81fb) Importer(815301076,1909f56bfc062723c751e8b465ee728b)
Number of updated assets reloaded before import = 0
Start importing Assets/SciFiProps/Prefabs/Light1.prefab using Guid(84d409b98da261f4e9cc16121a7a81fb) Importer(815301076,1909f56bfc062723c751e8b465ee728b)  -> (artifact id: 'ec4289217b07bbdba9e7c5a22e107d0d') in 0.053875 seconds 
Number of asset objects unloaded after import = 17
========================================================================
Received Import Request.
  Time since last request: 0.000029 seconds.
  path: Assets/SciFiProps/Prefabs/Screen.prefab
  artifactKey: Guid(4eecec6b13bb35a4bb26aa65818e3e1b) Importer(815301076,1909f56bfc062723c751e8b465ee728b)
Number of updated assets reloaded before import = 0
Start importing Assets/SciFiProps/Prefabs/Screen.prefab using Guid(4eecec6b13bb35a4bb26aa65818e3e1b) Importer(815301076,1909f56bfc062723c751e8b465ee728b)  -> (artifact id: 'eb9e96f80f77aae8890fa3a920d3f77f') in 0.073778 seconds 
Number of asset objects unloaded after import = 27
========================================================================
Received Import Request.
  Time since last request: 0.000033 seconds.
  path: Assets/SciFiProps/Prefabs/Wires.prefab
  artifactKey: Guid(7ed42b3f54e8c754abf149eac17c6b19) Importer(815301076,1909f56bfc062723c751e8b465ee728b)
Number of updated assets reloaded before import = 0
Start importing Assets/SciFiProps/Prefabs/Wires.prefab using Guid(7ed42b3f54e8c754abf149eac17c6b19) Importer(815301076,1909f56bfc062723c751e8b465ee728b)  -> (artifact id: 'a0ae46e381d7ce33a9dc4cdcc9a3feb0') in 0.016082 seconds 
Number of asset objects unloaded after import = 8
========================================================================
Received Import Request.
  Time since last request: 7.481655 seconds.
  path: Assets/sFuture Modules Pro/Prefabs/2nd Floor
  artifactKey: Guid(2f67e22da0ce2e1409b45c9cfbe74696) Importer(815301076,1909f56bfc062723c751e8b465ee728b)
Number of updated assets reloaded before import = 0
Start importing Assets/sFuture Modules Pro/Prefabs/2nd Floor using Guid(2f67e22da0ce2e1409b45c9cfbe74696) Importer(815301076,1909f56bfc062723c751e8b465ee728b)  -> (artifact id: '5cd463b82cf7274a48ed3f2791f42403') in 0.003430 seconds 
Number of asset objects unloaded after import = 0
========================================================================
Received Import Request.
  Time since last request: 0.074591 seconds.
  path: Assets/sFuture Modules Pro/Prefabs/2nd Floor/sFuture Modules Pro Rail.prefab
  artifactKey: Guid(5065594f0a1c9ad47a6c323ad6548923) Importer(815301076,1909f56bfc062723c751e8b465ee728b)
Number of updated assets reloaded before import = 0
Start importing Assets/sFuture Modules Pro/Prefabs/2nd Floor/sFuture Modules Pro Rail.prefab using Guid(5065594f0a1c9ad47a6c323ad6548923) Importer(815301076,1909f56bfc062723c751e8b465ee728b)  -> (artifact id: '7b5d325fe9595310404772862603df61') in 0.059577 seconds 
Number of asset objects unloaded after import = 15
========================================================================
Received Import Request.
  Time since last request: 9.168202 seconds.
  path: Assets/TextMesh Pro/Shaders
  artifactKey: Guid(e25aac98be5ab5b4d8e03150781e3a9e) Importer(815301076,1909f56bfc062723c751e8b465ee728b)
Number of updated assets reloaded before import = 0
Start importing Assets/TextMesh Pro/Shaders using Guid(e25aac98be5ab5b4d8e03150781e3a9e) Importer(815301076,1909f56bfc062723c751e8b465ee728b)  -> (artifact id: '8b7d905c55c1ea78c28419571a5e4f12') in 0.013690 seconds 
Number of asset objects unloaded after import = 0
========================================================================
Received Import Request.
  Time since last request: 0.928362 seconds.
  path: Assets/TextMesh Pro/Sprites
  artifactKey: Guid(d0603b6d5186471b96c778c3949c7ce2) Importer(815301076,1909f56bfc062723c751e8b465ee728b)
Number of updated assets reloaded before import = 0
Start importing Assets/TextMesh Pro/Sprites using Guid(d0603b6d5186471b96c778c3949c7ce2) Importer(815301076,1909f56bfc062723c751e8b465ee728b)  -> (artifact id: 'ddd4994379bdd7dd42f967cf9b58cb67') in 0.013198 seconds 
Number of asset objects unloaded after import = 0
========================================================================
Received Import Request.
  Time since last request: 0.127542 seconds.
  path: Assets/TextMesh Pro/Sprites/EmojiOne.png
  artifactKey: Guid(dffef66376be4fa480fb02b19edbe903) Importer(815301076,1909f56bfc062723c751e8b465ee728b)
Number of updated assets reloaded before import = 0
Start importing Assets/TextMesh Pro/Sprites/EmojiOne.png using Guid(dffef66376be4fa480fb02b19edbe903) Importer(815301076,1909f56bfc062723c751e8b465ee728b)  -> (artifact id: '71002e071b289ef8ece5f5f327315042') in 0.035212 seconds 
Number of asset objects unloaded after import = 2
========================================================================
Received Import Request.
  Time since last request: 9723.437669 seconds.
  path: Assets/UBS/Assets/Resources/DefaultLightBulb.prefab
  artifactKey: Guid(7604695d1279a5148a6a0c524c4fa8c5) Importer(815301076,1909f56bfc062723c751e8b465ee728b)
Number of updated assets reloaded before import = 0
Start importing Assets/UBS/Assets/Resources/DefaultLightBulb.prefab using Guid(7604695d1279a5148a6a0c524c4fa8c5) Importer(815301076,1909f56bfc062723c751e8b465ee728b)  -> (artifact id: 'c1db06c619e448ddaf8e53d4196efbdf') in 0.020472 seconds 
Number of asset objects unloaded after import = 6
========================================================================
Received Import Request.
  Time since last request: 0.520534 seconds.
  path: Assets/UBS/Assets/Sounds/UBS_Click_01A.wav
  artifactKey: Guid(d969ca4ab7368d74794f690036744483) Importer(815301076,1909f56bfc062723c751e8b465ee728b)
Number of updated assets reloaded before import = 0
Start importing Assets/UBS/Assets/Sounds/UBS_Click_01A.wav using Guid(d969ca4ab7368d74794f690036744483) Importer(815301076,1909f56bfc062723c751e8b465ee728b)  -> (artifact id: 'c111596eea06ce3e487bed0837f8616f') in 0.098887 seconds 
Number of asset objects unloaded after import = 2
========================================================================
Received Import Request.
  Time since last request: 0.000029 seconds.
  path: Assets/UBS/Assets/Sounds/UBS_OpenDoor_01A.wav
  artifactKey: Guid(508c70b0abd2f0742aef5002b9425da9) Importer(815301076,1909f56bfc062723c751e8b465ee728b)
Number of updated assets reloaded before import = 0
Start importing Assets/UBS/Assets/Sounds/UBS_OpenDoor_01A.wav using Guid(508c70b0abd2f0742aef5002b9425da9) Importer(815301076,1909f56bfc062723c751e8b465ee728b)  -> (artifact id: '34d8e3cf67fdb43032dcc11d04a70d33') in 0.015513 seconds 
Number of asset objects unloaded after import = 2
========================================================================
Received Import Request.
  Time since last request: 0.000018 seconds.
  path: Assets/UBS/Assets/Sounds/UBS_Slide_01A.wav
  artifactKey: Guid(1f77b7cf49001ab44a5b2aaa5e8e610d) Importer(815301076,1909f56bfc062723c751e8b465ee728b)
Number of updated assets reloaded before import = 0
Start importing Assets/UBS/Assets/Sounds/UBS_Slide_01A.wav using Guid(1f77b7cf49001ab44a5b2aaa5e8e610d) Importer(815301076,1909f56bfc062723c751e8b465ee728b)  -> (artifact id: 'ee2ff9caf0d8b64fa51fa4c7431a5cd2') in 0.017834 seconds 
Number of asset objects unloaded after import = 2
========================================================================
Received Import Request.
  Time since last request: 43.616994 seconds.
  path: Assets/jewelry_shop/Prefabs/showcase/SM_showcase Variant.prefab
  artifactKey: Guid(b4d59ac7451345b4f8f3e915f33c0a9c) Importer(815301076,1909f56bfc062723c751e8b465ee728b)
Number of updated assets reloaded before import = 0
Start importing Assets/jewelry_shop/Prefabs/showcase/SM_showcase Variant.prefab using Guid(b4d59ac7451345b4f8f3e915f33c0a9c) Importer(815301076,1909f56bfc062723c751e8b465ee728b)  -> (artifact id: '782c02b278b32fcaf6dd96297e098f21') in 0.074220 seconds 
Number of asset objects unloaded after import = 20
========================================================================
Received Import Request.
  Time since last request: 0.008682 seconds.
  path: Assets/jewelry_shop/Prefabs/showcase/SM_showcase_6 Variant.prefab
  artifactKey: Guid(014d436f38013aa409f83a09456cdc7d) Importer(815301076,1909f56bfc062723c751e8b465ee728b)
Number of updated assets reloaded before import = 0
Start importing Assets/jewelry_shop/Prefabs/showcase/SM_showcase_6 Variant.prefab using Guid(014d436f38013aa409f83a09456cdc7d) Importer(815301076,1909f56bfc062723c751e8b465ee728b)  -> (artifact id: '33c0a930c4b557658e83023199647864') in 0.056295 seconds 
Number of asset objects unloaded after import = 17
========================================================================
Received Import Request.
  Time since last request: 0.000026 seconds.
  path: Assets/jewelry_shop/Prefabs/showcase/SM_showcase_4 Variant.prefab
  artifactKey: Guid(fe3b24d478f68cc4aab4ab32268e3e40) Importer(815301076,1909f56bfc062723c751e8b465ee728b)
Number of updated assets reloaded before import = 0
Start importing Assets/jewelry_shop/Prefabs/showcase/SM_showcase_4 Variant.prefab using Guid(fe3b24d478f68cc4aab4ab32268e3e40) Importer(815301076,1909f56bfc062723c751e8b465ee728b)  -> (artifact id: 'd38660b477844dc55fcb196f750f7c3f') in 0.047810 seconds 
Number of asset objects unloaded after import = 17
========================================================================
Received Import Request.
  Time since last request: 15.282517 seconds.
  path: Assets/jewelry_shop/Prefabs/props/SM_backlight Variant.prefab
  artifactKey: Guid(4ec552aa7df629c41a8eb5c05fa8cef7) Importer(815301076,1909f56bfc062723c751e8b465ee728b)
Number of updated assets reloaded before import = 0
Start importing Assets/jewelry_shop/Prefabs/props/SM_backlight Variant.prefab using Guid(4ec552aa7df629c41a8eb5c05fa8cef7) Importer(815301076,1909f56bfc062723c751e8b465ee728b)  -> (artifact id: 'f9177274ef9368802be5487605942cfb') in 0.040229 seconds 
Number of asset objects unloaded after import = 16
========================================================================
Received Import Request.
  Time since last request: 0.000028 seconds.
  path: Assets/jewelry_shop/Prefabs/props/SM_bracelet_1 Variant.prefab
  artifactKey: Guid(1d9293c532eeed741a2f9efb2d90d4a8) Importer(815301076,1909f56bfc062723c751e8b465ee728b)
Number of updated assets reloaded before import = 0
Start importing Assets/jewelry_shop/Prefabs/props/SM_bracelet_1 Variant.prefab using Guid(1d9293c532eeed741a2f9efb2d90d4a8) Importer(815301076,1909f56bfc062723c751e8b465ee728b)  -> (artifact id: 'ecb97dbeee6f8fe1d535a242182615b7') in 0.033229 seconds 
Number of asset objects unloaded after import = 16
========================================================================
Received Import Request.
  Time since last request: 0.000017 seconds.
  path: Assets/jewelry_shop/Prefabs/props/SM_diamond_1 Variant.prefab
  artifactKey: Guid(f5d9715d532fe4e4089357a718c39955) Importer(815301076,1909f56bfc062723c751e8b465ee728b)
Number of updated assets reloaded before import = 0
Start importing Assets/jewelry_shop/Prefabs/props/SM_diamond_1 Variant.prefab using Guid(f5d9715d532fe4e4089357a718c39955) Importer(815301076,1909f56bfc062723c751e8b465ee728b)  -> (artifact id: '0550b505a6c47148c8bfb19d0ccc109c') in 0.026997 seconds 
Number of asset objects unloaded after import = 16
========================================================================
Received Import Request.
  Time since last request: 0.000030 seconds.
  path: Assets/jewelry_shop/Prefabs/props/SM_lamp Variant.prefab
  artifactKey: Guid(996f72b0d6656b94398b5f6efa9b54c7) Importer(815301076,1909f56bfc062723c751e8b465ee728b)
Number of updated assets reloaded before import = 0
Start importing Assets/jewelry_shop/Prefabs/props/SM_lamp Variant.prefab using Guid(996f72b0d6656b94398b5f6efa9b54c7) Importer(815301076,1909f56bfc062723c751e8b465ee728b)  -> (artifact id: 'c338055c23746f3fcc845154f9520cdd') in 0.026481 seconds 
Number of asset objects unloaded after import = 17
========================================================================
Received Import Request.
  Time since last request: 0.000030 seconds.
  path: Assets/jewelry_shop/Prefabs/props/SM_banknote_3 Variant.prefab
  artifactKey: Guid(4dcd39d242fe4ac40bb8bde0fe8f52f4) Importer(815301076,1909f56bfc062723c751e8b465ee728b)
Number of updated assets reloaded before import = 0
Start importing Assets/jewelry_shop/Prefabs/props/SM_banknote_3 Variant.prefab using Guid(4dcd39d242fe4ac40bb8bde0fe8f52f4) Importer(815301076,1909f56bfc062723c751e8b465ee728b)  -> (artifact id: '0bb4700a582ea5e6ef76b3b5199ee9ed') in 0.033400 seconds 
Number of asset objects unloaded after import = 16
========================================================================
Received Import Request.
  Time since last request: 0.000034 seconds.
  path: Assets/jewelry_shop/Prefabs/props/SM_earring Variant.prefab
  artifactKey: Guid(19d7c5964643289478530ecf7708b133) Importer(815301076,1909f56bfc062723c751e8b465ee728b)
Number of updated assets reloaded before import = 0
Start importing Assets/jewelry_shop/Prefabs/props/SM_earring Variant.prefab using Guid(19d7c5964643289478530ecf7708b133) Importer(815301076,1909f56bfc062723c751e8b465ee728b)  -> (artifact id: '74111e142490daeac811ce986417be3e') in 0.032505 seconds 
Number of asset objects unloaded after import = 19
========================================================================
Received Import Request.
  Time since last request: 0.000018 seconds.
  path: Assets/jewelry_shop/Prefabs/props/SM_necklace_1 Variant.prefab
  artifactKey: Guid(ba4187b34d5cd454ca168b52dc2cb103) Importer(815301076,1909f56bfc062723c751e8b465ee728b)
Number of updated assets reloaded before import = 0
Start importing Assets/jewelry_shop/Prefabs/props/SM_necklace_1 Variant.prefab using Guid(ba4187b34d5cd454ca168b52dc2cb103) Importer(815301076,1909f56bfc062723c751e8b465ee728b)  -> (artifact id: '2d042080fc83eeec1629b94dbd02ba15') in 0.029070 seconds 
Number of asset objects unloaded after import = 16
========================================================================
Received Import Request.
  Time since last request: 0.000029 seconds.
  path: Assets/jewelry_shop/Prefabs/props/SM_ingot Variant.prefab
  artifactKey: Guid(cdf5e94c152ec584fbdc9a75673f169a) Importer(815301076,1909f56bfc062723c751e8b465ee728b)
Number of updated assets reloaded before import = 0
Start importing Assets/jewelry_shop/Prefabs/props/SM_ingot Variant.prefab using Guid(cdf5e94c152ec584fbdc9a75673f169a) Importer(815301076,1909f56bfc062723c751e8b465ee728b)  -> (artifact id: '8136d6f4066f0da8f0329755b9dae2f0') in 0.029816 seconds 
Number of asset objects unloaded after import = 16
========================================================================
Received Import Request.
  Time since last request: 0.000034 seconds.
  path: Assets/jewelry_shop/Prefabs/props/SM_chain Variant.prefab
  artifactKey: Guid(3bf86f9fba59b4945859d4df5ce4cd71) Importer(815301076,1909f56bfc062723c751e8b465ee728b)
Number of updated assets reloaded before import = 0
Start importing Assets/jewelry_shop/Prefabs/props/SM_chain Variant.prefab using Guid(3bf86f9fba59b4945859d4df5ce4cd71) Importer(815301076,1909f56bfc062723c751e8b465ee728b)  -> (artifact id: 'e2a74da07456cc6eefbddc053ba584c2') in 0.028726 seconds 
Number of asset objects unloaded after import = 16
========================================================================
Received Import Request.
  Time since last request: 0.000027 seconds.
  path: Assets/jewelry_shop/Prefabs/props/SM_earring_3 Variant.prefab
  artifactKey: Guid(80a22e726d52ef44d9d360530c14ac38) Importer(815301076,1909f56bfc062723c751e8b465ee728b)
Number of updated assets reloaded before import = 0
Start importing Assets/jewelry_shop/Prefabs/props/SM_earring_3 Variant.prefab using Guid(80a22e726d52ef44d9d360530c14ac38) Importer(815301076,1909f56bfc062723c751e8b465ee728b)  -> (artifact id: 'a1eef052bc75097e7aad4ef7a80570e2') in 0.031670 seconds 
Number of asset objects unloaded after import = 19
========================================================================
Received Import Request.
  Time since last request: 0.000049 seconds.
  path: Assets/jewelry_shop/Prefabs/props/SM_earring_2 Variant.prefab
  artifactKey: Guid(80cb9735d357ec54db5cf1829fe3bd1d) Importer(815301076,1909f56bfc062723c751e8b465ee728b)
Number of updated assets reloaded before import = 0
Start importing Assets/jewelry_shop/Prefabs/props/SM_earring_2 Variant.prefab using Guid(80cb9735d357ec54db5cf1829fe3bd1d) Importer(815301076,1909f56bfc062723c751e8b465ee728b)  -> (artifact id: '2c0435d39b52e7c93c848cfa9b9969b8') in 0.030079 seconds 
Number of asset objects unloaded after import = 16
========================================================================
Received Import Request.
  Time since last request: 0.000047 seconds.
  path: Assets/jewelry_shop/Prefabs/props/SM_building_2 Variant.prefab
  artifactKey: Guid(b2d249e548a81424f817aeac6ac65813) Importer(815301076,1909f56bfc062723c751e8b465ee728b)
Number of updated assets reloaded before import = 0
Start importing Assets/jewelry_shop/Prefabs/props/SM_building_2 Variant.prefab using Guid(b2d249e548a81424f817aeac6ac65813) Importer(815301076,1909f56bfc062723c751e8b465ee728b)  -> (artifact id: '8e229f0b985b1e92f2770bccbb20e4bf') in 0.026019 seconds 
Number of asset objects unloaded after import = 16
========================================================================
Received Import Request.
  Time since last request: 0.000038 seconds.
  path: Assets/jewelry_shop/Prefabs/props/SM_logo Variant.prefab
  artifactKey: Guid(5f85ac368adbeb24d9c6507eb6ca02ca) Importer(815301076,1909f56bfc062723c751e8b465ee728b)
Number of updated assets reloaded before import = 0
Start importing Assets/jewelry_shop/Prefabs/props/SM_logo Variant.prefab using Guid(5f85ac368adbeb24d9c6507eb6ca02ca) Importer(815301076,1909f56bfc062723c751e8b465ee728b)  -> (artifact id: '1dd614f37d34ea033e2aaef12bbdd061') in 0.022198 seconds 
Number of asset objects unloaded after import = 17
========================================================================
Received Import Request.
  Time since last request: 0.000038 seconds.
  path: Assets/jewelry_shop/Prefabs/props/SM_bracelet_3 Variant.prefab
  artifactKey: Guid(e7244acd4ee0ee3468285f55ed0b6ce3) Importer(815301076,1909f56bfc062723c751e8b465ee728b)
Number of updated assets reloaded before import = 0
Start importing Assets/jewelry_shop/Prefabs/props/SM_bracelet_3 Variant.prefab using Guid(e7244acd4ee0ee3468285f55ed0b6ce3) Importer(815301076,1909f56bfc062723c751e8b465ee728b)  -> (artifact id: 'ba8b32a7d5d8d6bbec787ab986f17c2b') in 0.025748 seconds 
Number of asset objects unloaded after import = 16
========================================================================
Received Import Request.
  Time since last request: 0.000030 seconds.
  path: Assets/jewelry_shop/Prefabs/props/SM_bracelet_5 Variant.prefab
  artifactKey: Guid(c7ec97be967245d43a74b2c71f5e827a) Importer(815301076,1909f56bfc062723c751e8b465ee728b)
Number of updated assets reloaded before import = 0
Start importing Assets/jewelry_shop/Prefabs/props/SM_bracelet_5 Variant.prefab using Guid(c7ec97be967245d43a74b2c71f5e827a) Importer(815301076,1909f56bfc062723c751e8b465ee728b)  -> (artifact id: '30c9b4fb756cb26fd401af415805dba6') in 0.023166 seconds 
Number of asset objects unloaded after import = 16
========================================================================
Received Import Request.
  Time since last request: 0.000037 seconds.
  path: Assets/jewelry_shop/Prefabs/props/SM_jar Variant.prefab
  artifactKey: Guid(4b49f459b2d61ee4ba8398b84c6ebc7a) Importer(815301076,1909f56bfc062723c751e8b465ee728b)
Number of updated assets reloaded before import = 0
Start importing Assets/jewelry_shop/Prefabs/props/SM_jar Variant.prefab using Guid(4b49f459b2d61ee4ba8398b84c6ebc7a) Importer(815301076,1909f56bfc062723c751e8b465ee728b)  -> (artifact id: '42e230a4ab32867731f23810f48d4da7') in 0.022092 seconds 
Number of asset objects unloaded after import = 16
========================================================================
Received Import Request.
  Time since last request: 0.000037 seconds.
  path: Assets/jewelry_shop/Prefabs/props/SM_building_3 Variant.prefab
  artifactKey: Guid(74bc206c367cab5448b71df7903b6d50) Importer(815301076,1909f56bfc062723c751e8b465ee728b)
Number of updated assets reloaded before import = 0
Start importing Assets/jewelry_shop/Prefabs/props/SM_building_3 Variant.prefab using Guid(74bc206c367cab5448b71df7903b6d50) Importer(815301076,1909f56bfc062723c751e8b465ee728b)  -> (artifact id: 'bd18ebb5e0b70f8821da31c2004f679b') in 0.029736 seconds 
Number of asset objects unloaded after import = 16
========================================================================
Received Import Request.
  Time since last request: 0.000031 seconds.
  path: Assets/jewelry_shop/Prefabs/props/SM_folded_money_1 Variant.prefab
  artifactKey: Guid(48d031fe9772fab4796d33428dfaf3e2) Importer(815301076,1909f56bfc062723c751e8b465ee728b)
Number of updated assets reloaded before import = 0
Start importing Assets/jewelry_shop/Prefabs/props/SM_folded_money_1 Variant.prefab using Guid(48d031fe9772fab4796d33428dfaf3e2) Importer(815301076,1909f56bfc062723c751e8b465ee728b)  -> (artifact id: '1f30b0ed75484cb6fc4b2e2bbcaeef15') in 0.032768 seconds 
Number of asset objects unloaded after import = 16
Editor requested this worker to shutdown with reason: Scaling down because of idle timeout
AssetImportWorker is now disconnected from the server
Process exiting
Exiting without the bug reporter. Application will terminate with return code 0