Using pre-set license
Built from '2021.3/staging' branch; Version is '2021.3.45f1 (0da89fac8e79) revision 895135'; Using compiler version '192829333'; Build Type 'Release'
OS: 'Windows 11  (10.0.26100) 64bit Core' Language: 'it' Physical Memory: 16147 MB
BatchMode: 1, IsHumanControllingUs: 0, StartBugReporterOnCrash: 0, Is64bit: 1, IsPro: 1

COMMAND LINE ARGUMENTS:
C:\Program Files\Unity\Hub\Editor\2021.3.45f1\Editor\Unity.exe
-adb2
-batchMode
-noUpm
-name
AssetImportWorker2
-projectPath
C:/Users/cizao/Average Tumblr User Simulator
-logFile
Logs/AssetImportWorker2.log
-srvPort
53581
Successfully changed project path to: C:/Users/cizao/Average Tumblr User Simulator
C:/Users/cizao/Average Tumblr User Simulator
[UnityMemory] Configuration Parameters - Can be set up in boot.config
    "memorysetup-bucket-allocator-granularity=16"
    "memorysetup-bucket-allocator-bucket-count=8"
    "memorysetup-bucket-allocator-block-size=33554432"
    "memorysetup-bucket-allocator-block-count=8"
    "memorysetup-main-allocator-block-size=16777216"
    "memorysetup-thread-allocator-block-size=16777216"
    "memorysetup-gfx-main-allocator-block-size=16777216"
    "memorysetup-gfx-thread-allocator-block-size=16777216"
    "memorysetup-cache-allocator-block-size=4194304"
    "memorysetup-typetree-allocator-block-size=2097152"
    "memorysetup-profiler-bucket-allocator-granularity=16"
    "memorysetup-profiler-bucket-allocator-bucket-count=8"
    "memorysetup-profiler-bucket-allocator-block-size=33554432"
    "memorysetup-profiler-bucket-allocator-block-count=8"
    "memorysetup-profiler-allocator-block-size=16777216"
    "memorysetup-profiler-editor-allocator-block-size=1048576"
    "memorysetup-temp-allocator-size-main=16777216"
    "memorysetup-job-temp-allocator-block-size=2097152"
    "memorysetup-job-temp-allocator-block-size-background=1048576"
    "memorysetup-job-temp-allocator-reduction-small-platforms=262144"
    "memorysetup-temp-allocator-size-background-worker=32768"
    "memorysetup-temp-allocator-size-job-worker=262144"
    "memorysetup-temp-allocator-size-preload-manager=33554432"
    "memorysetup-temp-allocator-size-nav-mesh-worker=65536"
    "memorysetup-temp-allocator-size-audio-worker=65536"
    "memorysetup-temp-allocator-size-cloud-worker=32768"
    "memorysetup-temp-allocator-size-gi-baking-worker=262144"
    "memorysetup-temp-allocator-size-gfx=262144"
Player connection [29180] Host "[IP] 192.168.1.150 [Port] 0 [Flags] 2 [Guid] 2464699747 [EditorId] 2464699747 [Version] 1048832 [Id] WindowsEditor(7,LAPTOP-OSRN4C6S) [Debug] 1 [PackageName] WindowsEditor [ProjectName] Editor" joined multi-casting on [225.0.0.222:54997]...

Player connection [29180] Host "[IP] 192.168.1.150 [Port] 0 [Flags] 2 [Guid] 2464699747 [EditorId] 2464699747 [Version] 1048832 [Id] WindowsEditor(7,LAPTOP-OSRN4C6S) [Debug] 1 [PackageName] WindowsEditor [ProjectName] Editor" joined alternative multi-casting on [225.0.0.222:34997]...

[Physics::Module] Initialized MultithreadedJobDispatcher with {0} workers.
Refreshing native plugins compatible for Editor in 116.48 ms, found 3 plugins.
Preloading 0 native plugins for Editor in 0.00 ms.
Initialize engine version: 2021.3.45f1 (0da89fac8e79)
[Subsystems] Discovering subsystems at path C:/Program Files/Unity/Hub/Editor/2021.3.45f1/Editor/Data/Resources/UnitySubsystems
[Subsystems] Discovering subsystems at path C:/Users/cizao/Average Tumblr User Simulator/Assets
GfxDevice: creating device client; threaded=0; jobified=0
Direct3D:
    Version:  Direct3D 11.0 [level 11.1]
    Renderer: NVIDIA GeForce RTX 3060 Laptop GPU (ID=0x2520)
    Vendor:   NVIDIA
    VRAM:     6023 MB
    Driver:   27.21.14.6262
Initialize mono
Mono path[0] = 'C:/Program Files/Unity/Hub/Editor/2021.3.45f1/Editor/Data/Managed'
Mono path[1] = 'C:/Program Files/Unity/Hub/Editor/2021.3.45f1/Editor/Data/MonoBleedingEdge/lib/mono/unityjit-win32'
Mono config path = 'C:/Program Files/Unity/Hub/Editor/2021.3.45f1/Editor/Data/MonoBleedingEdge/etc'
Using monoOptions --debugger-agent=transport=dt_socket,embedding=1,server=y,suspend=n,address=127.0.0.1:56384
Begin MonoManager ReloadAssembly
Registering precompiled unity dll's ...
Register platform support module: C:/Program Files/Unity/Hub/Editor/2021.3.45f1/Editor/Data/PlaybackEngines/WebGLSupport/UnityEditor.WebGL.Extensions.dll
Register platform support module: C:/Program Files/Unity/Hub/Editor/2021.3.45f1/Editor/Data/PlaybackEngines/WindowsStandaloneSupport/UnityEditor.WindowsStandalone.Extensions.dll
Registered in 0.012183 seconds.
Native extension for WindowsStandalone target not found
Native extension for WebGL target not found
Refreshing native plugins compatible for Editor in 125.58 ms, found 3 plugins.
Preloading 0 native plugins for Editor in 0.00 ms.
Mono: successfully reloaded assembly
- Completed reload, in  1.177 seconds
Domain Reload Profiling:
	ReloadAssembly (1177ms)
		BeginReloadAssembly (192ms)
			ExecutionOrderSort (0ms)
			DisableScriptedObjects (0ms)
			BackupInstance (0ms)
			ReleaseScriptingObjects (0ms)
			CreateAndSetChildDomain (1ms)
		EndReloadAssembly (813ms)
			LoadAssemblies (185ms)
			RebuildTransferFunctionScriptingTraits (0ms)
			SetupTypeCache (210ms)
			ReleaseScriptCaches (0ms)
			RebuildScriptCaches (45ms)
			SetupLoadedEditorAssemblies (491ms)
				LogAssemblyErrors (0ms)
				InitializePlatformSupportModulesInManaged (20ms)
				SetLoadedEditorAssemblies (1ms)
				RefreshPlugins (126ms)
				BeforeProcessingInitializeOnLoad (2ms)
				ProcessInitializeOnLoadAttributes (265ms)
				ProcessInitializeOnLoadMethodAttributes (77ms)
				AfterProcessingInitializeOnLoad (0ms)
				EditorAssembliesLoaded (0ms)
			ExecutionOrderSort2 (0ms)
			AwakeInstancesAfterBackupRestoration (0ms)
Platform modules already initialized, skipping
Registering precompiled user dll's ...
Registered in 0.013683 seconds.
Begin MonoManager ReloadAssembly
Native extension for WindowsStandalone target not found
Native extension for WebGL target not found
Refreshing native plugins compatible for Editor in 0.69 ms, found 3 plugins.
Preloading 0 native plugins for Editor in 0.00 ms.
Package Manager log level set to [2]
[Package Manager] Server::EnsureServerProcessIsRunning -- launch failed, reason: Unity was launched with the -noUpm command-line argument
[Package Manager] Cannot connect to Unity Package Manager local server
Mono: successfully reloaded assembly
- Completed reload, in  2.154 seconds
Domain Reload Profiling:
	ReloadAssembly (2156ms)
		BeginReloadAssembly (227ms)
			ExecutionOrderSort (0ms)
			DisableScriptedObjects (10ms)
			BackupInstance (0ms)
			ReleaseScriptingObjects (0ms)
			CreateAndSetChildDomain (32ms)
		EndReloadAssembly (1750ms)
			LoadAssemblies (167ms)
			RebuildTransferFunctionScriptingTraits (0ms)
			SetupTypeCache (467ms)
			ReleaseScriptCaches (1ms)
			RebuildScriptCaches (93ms)
			SetupLoadedEditorAssemblies (1008ms)
				LogAssemblyErrors (0ms)
				InitializePlatformSupportModulesInManaged (14ms)
				SetLoadedEditorAssemblies (1ms)
				RefreshPlugins (1ms)
				BeforeProcessingInitializeOnLoad (110ms)
				ProcessInitializeOnLoadAttributes (827ms)
				ProcessInitializeOnLoadMethodAttributes (39ms)
				AfterProcessingInitializeOnLoad (16ms)
				EditorAssembliesLoaded (0ms)
			ExecutionOrderSort2 (0ms)
			AwakeInstancesAfterBackupRestoration (12ms)
Platform modules already initialized, skipping
========================================================================
Worker process is ready to serve import requests
Launched and connected shader compiler UnityShaderCompiler.exe after 0.08 seconds
Refreshing native plugins compatible for Editor in 1.12 ms, found 3 plugins.
Preloading 0 native plugins for Editor in 0.00 ms.
Unloading 3083 Unused Serialized files (Serialized files now loaded: 0)
Unloading 24 unused Assets / (47.2 KB). Loaded Objects now: 3568.
Memory consumption went from 123.4 MB to 123.4 MB.
Total: 5.208900 ms (FindLiveObjects: 0.358700 ms CreateObjectMapping: 0.156700 ms MarkObjects: 4.521500 ms  DeleteObjects: 0.169900 ms)

AssetImportParameters requested are different than current active one (requested -> active):
  custom:video-decoder-ogg-theora: a1e56fd34408186e4bbccfd4996cb3dc -> 
  custom:container-muxer-webm: aa71ff27fc2769a1b78a27578f13a17b -> 
  custom:container-demuxer-webm: 4f35f7cbe854078d1ac9338744f61a02 -> 
  custom:video-encoder-webm-vp8: eb34c28f22e8b96e1ab97ce403110664 -> 
  custom:CustomObjectIndexerAttribute: bc11b3a6c3213fcdd17b65e7da85e133 -> 
  custom:audio-encoder-webm-vorbis: bf7c407c2cedff20999df2af8eb42d56 -> 
  custom:framework-win-MediaFoundation: 216162199b28c13a410421893ffa2e32 -> 
  custom:SearchIndexIgnoredProperties: e643bd26f0fe6173181afceb89e7c659 -> 
  custom:container-demuxer-ogg: 62fdf1f143b41e24485cea50d1cbac27 -> 
  custom:video-decoder-webm-vp8: 9c59270c3fd7afecdb556c50c9e8de78 -> 
  custom:audio-decoder-ogg-vorbis: bf7c407c2cedff20999df2af8eb42d56 -> 
========================================================================
Received Import Request.
  Time since last request: 1898992.440317 seconds.
  path: Assets/russian_buildings/meshes/buildings_col/rus_build_5et_roof_col.obj
  artifactKey: Guid(f2f0e91a3227f8f429f3f97f054d00c3) Importer(815301076,1909f56bfc062723c751e8b465ee728b)
Number of updated assets reloaded before import = 0
Start importing Assets/russian_buildings/meshes/buildings_col/rus_build_5et_roof_col.obj using Guid(f2f0e91a3227f8f429f3f97f054d00c3) Importer(815301076,1909f56bfc062723c751e8b465ee728b)  -> (artifact id: 'dccf2d0deb7c6d3fa0e1dcf407cebb9c') in 0.256499 seconds 
Number of asset objects unloaded after import = 9
========================================================================
Received Import Request.
  Time since last request: 0.000037 seconds.
  path: Assets/russian_buildings/meshes/buildings_low/rus_build_2et_01b_LOD1.obj
  artifactKey: Guid(6e66fb99c3979dd4999fb445d41b976a) Importer(815301076,1909f56bfc062723c751e8b465ee728b)
Number of updated assets reloaded before import = 0
Start importing Assets/russian_buildings/meshes/buildings_low/rus_build_2et_01b_LOD1.obj using Guid(6e66fb99c3979dd4999fb445d41b976a) Importer(815301076,1909f56bfc062723c751e8b465ee728b)  -> (artifact id: 'c2e539beead117e3382d4ef7c3129ce7') in 0.036764 seconds 
Number of asset objects unloaded after import = 9
========================================================================
Received Import Request.
  Time since last request: 0.000058 seconds.
  path: Assets/russian_buildings/meshes/buildings/rus_build_2et_01b.obj
  artifactKey: Guid(51aa1db77e4bd374c93d85096947cbf2) Importer(815301076,1909f56bfc062723c751e8b465ee728b)
Number of updated assets reloaded before import = 0
Start importing Assets/russian_buildings/meshes/buildings/rus_build_2et_01b.obj using Guid(51aa1db77e4bd374c93d85096947cbf2) Importer(815301076,1909f56bfc062723c751e8b465ee728b)  -> (artifact id: '2962be839a26208f80f75a6e5c9b6471') in 0.038935 seconds 
Number of asset objects unloaded after import = 9
========================================================================
Received Import Request.
  Time since last request: 0.000079 seconds.
  path: Assets/russian_buildings/meshes/buildings_low/rus_build_5et_03c_LOD1.obj
  artifactKey: Guid(e7e7c51b78666ab4b8aea1cacf45f949) Importer(815301076,1909f56bfc062723c751e8b465ee728b)
Number of updated assets reloaded before import = 0
Start importing Assets/russian_buildings/meshes/buildings_low/rus_build_5et_03c_LOD1.obj using Guid(e7e7c51b78666ab4b8aea1cacf45f949) Importer(815301076,1909f56bfc062723c751e8b465ee728b)  -> (artifact id: 'c9df757752d582abcf8db8383b6c569d') in 0.044653 seconds 
Number of asset objects unloaded after import = 9
========================================================================
Received Import Request.
  Time since last request: 0.000082 seconds.
  path: Assets/russian_buildings/meshes/buildings_low/rus_build_5et_05_LOD1.obj
  artifactKey: Guid(9d164ab0d309bcf44a6775ca89c73d6b) Importer(815301076,1909f56bfc062723c751e8b465ee728b)
Number of updated assets reloaded before import = 0
Start importing Assets/russian_buildings/meshes/buildings_low/rus_build_5et_05_LOD1.obj using Guid(9d164ab0d309bcf44a6775ca89c73d6b) Importer(815301076,1909f56bfc062723c751e8b465ee728b)  -> (artifact id: 'e4e4a1e92117cd7abd7804a3cc42d3a5') in 0.032569 seconds 
Number of asset objects unloaded after import = 9
========================================================================
Received Import Request.
  Time since last request: 0.000026 seconds.
  path: Assets/russian_buildings/meshes/buildings_low/rus_build_4et_01_LOD2.obj
  artifactKey: Guid(cc31e9655c0f7c54d8b562abffc4bfb1) Importer(815301076,1909f56bfc062723c751e8b465ee728b)
Number of updated assets reloaded before import = 0
Start importing Assets/russian_buildings/meshes/buildings_low/rus_build_4et_01_LOD2.obj using Guid(cc31e9655c0f7c54d8b562abffc4bfb1) Importer(815301076,1909f56bfc062723c751e8b465ee728b)  -> (artifact id: '11be436b9cb2081f37602bfcc6016462') in 0.033969 seconds 
Number of asset objects unloaded after import = 9
========================================================================
Received Import Request.
  Time since last request: 0.000030 seconds.
  path: Assets/russian_buildings/meshes/buildings_low/rus_build_5et_03b_LOD2.obj
  artifactKey: Guid(6f40be15404c06d45949f0aec91fdd34) Importer(815301076,1909f56bfc062723c751e8b465ee728b)
Number of updated assets reloaded before import = 0
Start importing Assets/russian_buildings/meshes/buildings_low/rus_build_5et_03b_LOD2.obj using Guid(6f40be15404c06d45949f0aec91fdd34) Importer(815301076,1909f56bfc062723c751e8b465ee728b)  -> (artifact id: '18c2815a926327eb06429121d881fb20') in 0.028758 seconds 
Number of asset objects unloaded after import = 9
========================================================================
Received Import Request.
  Time since last request: 0.000030 seconds.
  path: Assets/russian_buildings/meshes/buildings_low/rus_build_9et_02a_LOD1.obj
  artifactKey: Guid(0f3ef56cf63ec1b45bf315d2baaa7a01) Importer(815301076,1909f56bfc062723c751e8b465ee728b)
Number of updated assets reloaded before import = 0
Start importing Assets/russian_buildings/meshes/buildings_low/rus_build_9et_02a_LOD1.obj using Guid(0f3ef56cf63ec1b45bf315d2baaa7a01) Importer(815301076,1909f56bfc062723c751e8b465ee728b)  -> (artifact id: '47eee15e097eb5012c0943bfe1428a05') in 0.030196 seconds 
Number of asset objects unloaded after import = 9
========================================================================
Received Import Request.
  Time since last request: 0.000053 seconds.
  path: Assets/russian_buildings/meshes/buildings_low/rus_build_5et_03d_LOD2.obj
  artifactKey: Guid(85965f46383b12e43b6eef73cb2cbed8) Importer(815301076,1909f56bfc062723c751e8b465ee728b)
Number of updated assets reloaded before import = 0
Start importing Assets/russian_buildings/meshes/buildings_low/rus_build_5et_03d_LOD2.obj using Guid(85965f46383b12e43b6eef73cb2cbed8) Importer(815301076,1909f56bfc062723c751e8b465ee728b)  -> (artifact id: '7792aa0e53b218c6dbccefeb2ff41335') in 0.028523 seconds 
Number of asset objects unloaded after import = 9
========================================================================
Received Import Request.
  Time since last request: 0.000055 seconds.
  path: Assets/russian_buildings/meshes/buildings_low/rus_build_5et_02_LOD1.obj
  artifactKey: Guid(587aed8c0c602b94d95e75ea5c62a6bb) Importer(815301076,1909f56bfc062723c751e8b465ee728b)
Number of updated assets reloaded before import = 0
Start importing Assets/russian_buildings/meshes/buildings_low/rus_build_5et_02_LOD1.obj using Guid(587aed8c0c602b94d95e75ea5c62a6bb) Importer(815301076,1909f56bfc062723c751e8b465ee728b)  -> (artifact id: '16bba8f357df30589c6fecf5bc317930') in 0.032196 seconds 
Number of asset objects unloaded after import = 9
========================================================================
Received Import Request.
  Time since last request: 0.000030 seconds.
  path: Assets/russian_buildings/meshes/buildings_low/rus_build_5et_01a_LOD1.obj
  artifactKey: Guid(152070c3a535f614998b3eee93d7918f) Importer(815301076,1909f56bfc062723c751e8b465ee728b)
Number of updated assets reloaded before import = 0
Start importing Assets/russian_buildings/meshes/buildings_low/rus_build_5et_01a_LOD1.obj using Guid(152070c3a535f614998b3eee93d7918f) Importer(815301076,1909f56bfc062723c751e8b465ee728b)  -> (artifact id: 'd2b780adbf0bc1b1937986aa6ebecfd5') in 0.028561 seconds 
Number of asset objects unloaded after import = 9
========================================================================
Received Import Request.
  Time since last request: 0.000028 seconds.
  path: Assets/russian_buildings/meshes/buildings_low/rus_build_5et_01_LOD2.obj
  artifactKey: Guid(d65e7cd176f1f824ba5a8e7c5a013a9d) Importer(815301076,1909f56bfc062723c751e8b465ee728b)
Number of updated assets reloaded before import = 0
Start importing Assets/russian_buildings/meshes/buildings_low/rus_build_5et_01_LOD2.obj using Guid(d65e7cd176f1f824ba5a8e7c5a013a9d) Importer(815301076,1909f56bfc062723c751e8b465ee728b)  -> (artifact id: '02f58f3c98293c3c2a16ad9b8ead8900') in 0.029254 seconds 
Number of asset objects unloaded after import = 9
========================================================================
Received Import Request.
  Time since last request: 0.000032 seconds.
  path: Assets/Simple city plain/Mesh/Pot_tree.fbx
  artifactKey: Guid(495aba848fd785f43bf771270ddea3dc) Importer(815301076,1909f56bfc062723c751e8b465ee728b)
Number of updated assets reloaded before import = 0
Start importing Assets/Simple city plain/Mesh/Pot_tree.fbx using Guid(495aba848fd785f43bf771270ddea3dc) Importer(815301076,1909f56bfc062723c751e8b465ee728b)  -> (artifact id: '82bcc02e57f1a67a195ecb327ac60532') in 0.042041 seconds 
Number of asset objects unloaded after import = 11
========================================================================
Received Import Request.
  Time since last request: 0.000027 seconds.
  path: Assets/russian_buildings/meshes/buildings_low/rus_build_2et_01a_LOD1.obj
  artifactKey: Guid(0293a07edb16da54a9ecbee852e59c4a) Importer(815301076,1909f56bfc062723c751e8b465ee728b)
Number of updated assets reloaded before import = 0
Start importing Assets/russian_buildings/meshes/buildings_low/rus_build_2et_01a_LOD1.obj using Guid(0293a07edb16da54a9ecbee852e59c4a) Importer(815301076,1909f56bfc062723c751e8b465ee728b)  -> (artifact id: '171309779f0948b837cdf84283b4660e') in 0.029773 seconds 
Number of asset objects unloaded after import = 9
========================================================================
Received Import Request.
  Time since last request: 0.000036 seconds.
  path: Assets/russian_buildings/meshes/buildings_low/rus_build_5et_03c_LOD2.obj
  artifactKey: Guid(43fd8e64af05c8d468a14c72a49a5b1c) Importer(815301076,1909f56bfc062723c751e8b465ee728b)
Number of updated assets reloaded before import = 0
Start importing Assets/russian_buildings/meshes/buildings_low/rus_build_5et_03c_LOD2.obj using Guid(43fd8e64af05c8d468a14c72a49a5b1c) Importer(815301076,1909f56bfc062723c751e8b465ee728b)  -> (artifact id: '71ddc7a91979028cf850976dcbe64b2e') in 0.029884 seconds 
Number of asset objects unloaded after import = 9
========================================================================
Received Import Request.
  Time since last request: 0.000117 seconds.
  path: Assets/russian_buildings/meshes/buildings_low/rus_build_9et_03b_LOD1.obj
  artifactKey: Guid(24df0ddfce8087a43b3ab9ca0cf5717e) Importer(815301076,1909f56bfc062723c751e8b465ee728b)
Number of updated assets reloaded before import = 0
Start importing Assets/russian_buildings/meshes/buildings_low/rus_build_9et_03b_LOD1.obj using Guid(24df0ddfce8087a43b3ab9ca0cf5717e) Importer(815301076,1909f56bfc062723c751e8b465ee728b)  -> (artifact id: 'f1aa56c5bbee37cbc6808fc474916a6a') in 0.028975 seconds 
Number of asset objects unloaded after import = 9
========================================================================
Received Import Request.
  Time since last request: 0.000046 seconds.
  path: Assets/russian_buildings/meshes/buildings_low/rus_build_5et_03_LOD2.obj
  artifactKey: Guid(3b3243e4de2da6a4ba8b8ed1da9dd9d2) Importer(815301076,1909f56bfc062723c751e8b465ee728b)
Number of updated assets reloaded before import = 0
Start importing Assets/russian_buildings/meshes/buildings_low/rus_build_5et_03_LOD2.obj using Guid(3b3243e4de2da6a4ba8b8ed1da9dd9d2) Importer(815301076,1909f56bfc062723c751e8b465ee728b)  -> (artifact id: '1403a62594f98fd03c172d457b333042') in 0.031012 seconds 
Number of asset objects unloaded after import = 9
========================================================================
Received Import Request.
  Time since last request: 0.000032 seconds.
  path: Assets/Dumpster/Model/Dumpster.fbx
  artifactKey: Guid(5fd7ed19d9f8ac84cb20e5e66bc52112) Importer(815301076,1909f56bfc062723c751e8b465ee728b)
Number of updated assets reloaded before import = 0
Start importing Assets/Dumpster/Model/Dumpster.fbx using Guid(5fd7ed19d9f8ac84cb20e5e66bc52112) Importer(815301076,1909f56bfc062723c751e8b465ee728b)  -> (artifact id: '12793c35d1b8327a2222e2d1d65b71cb') in 0.116728 seconds 
Number of asset objects unloaded after import = 20
========================================================================
Received Import Request.
  Time since last request: 0.000103 seconds.
  path: Assets/russian_buildings/meshes/buildings_col/rus_build_5et_roof_col_02.obj
  artifactKey: Guid(956b56498616a9548ba1cb8c2f30ff56) Importer(815301076,1909f56bfc062723c751e8b465ee728b)
Number of updated assets reloaded before import = 0
Start importing Assets/russian_buildings/meshes/buildings_col/rus_build_5et_roof_col_02.obj using Guid(956b56498616a9548ba1cb8c2f30ff56) Importer(815301076,1909f56bfc062723c751e8b465ee728b)  -> (artifact id: 'bcf0fb5ee541c14ebdf16c5e9d17eebd') in 0.030699 seconds 
Number of asset objects unloaded after import = 9
========================================================================
Received Import Request.
  Time since last request: 0.000036 seconds.
  path: Assets/russian_buildings/meshes/buildings_low/rus_build_9et_01_LOD2.obj
  artifactKey: Guid(ca3819e382fe56c4c9ca4de079fb5f2c) Importer(815301076,1909f56bfc062723c751e8b465ee728b)
Number of updated assets reloaded before import = 0
Start importing Assets/russian_buildings/meshes/buildings_low/rus_build_9et_01_LOD2.obj using Guid(ca3819e382fe56c4c9ca4de079fb5f2c) Importer(815301076,1909f56bfc062723c751e8b465ee728b)  -> (artifact id: 'e8122ebf80422562782bdca8c193d81a') in 0.034101 seconds 
Number of asset objects unloaded after import = 9
========================================================================
Received Import Request.
  Time since last request: 0.000033 seconds.
  path: Assets/russian_buildings/meshes/buildings_low/rus_build_5et_03a_LOD1.obj
  artifactKey: Guid(34891f4ab6531d44ebc9bd333b2ce126) Importer(815301076,1909f56bfc062723c751e8b465ee728b)
Number of updated assets reloaded before import = 0
Start importing Assets/russian_buildings/meshes/buildings_low/rus_build_5et_03a_LOD1.obj using Guid(34891f4ab6531d44ebc9bd333b2ce126) Importer(815301076,1909f56bfc062723c751e8b465ee728b)  -> (artifact id: '5b015e4d0bff1723df4978ab1e3dbb9a') in 0.030325 seconds 
Number of asset objects unloaded after import = 9
========================================================================
Received Import Request.
  Time since last request: 0.000050 seconds.
  path: Assets/russian_buildings/meshes/buildings/rus_build_5et_03.obj
  artifactKey: Guid(de42dcc651bfdae4eace349a13112cb8) Importer(815301076,1909f56bfc062723c751e8b465ee728b)
Number of updated assets reloaded before import = 0
Start importing Assets/russian_buildings/meshes/buildings/rus_build_5et_03.obj using Guid(de42dcc651bfdae4eace349a13112cb8) Importer(815301076,1909f56bfc062723c751e8b465ee728b)  -> (artifact id: 'bb510db16dbee3da8564535cd84ccb00') in 0.029778 seconds 
Number of asset objects unloaded after import = 9
========================================================================
Received Import Request.
  Time since last request: 0.000027 seconds.
  path: Assets/Models/Bicycle Models/Bicycle Model #5/Models/Low-Poly Bicycle # 5.FBX
  artifactKey: Guid(e3a436e0ac6013f41999e23f2cc91370) Importer(815301076,1909f56bfc062723c751e8b465ee728b)
Number of updated assets reloaded before import = 0
Start importing Assets/Models/Bicycle Models/Bicycle Model #5/Models/Low-Poly Bicycle # 5.FBX using Guid(e3a436e0ac6013f41999e23f2cc91370) Importer(815301076,1909f56bfc062723c751e8b465ee728b)  -> (artifact id: 'a8774e0b556ebc0a0bae909eb47b08cd') in 0.139681 seconds 
Number of asset objects unloaded after import = 43
========================================================================
Received Import Request.
  Time since last request: 0.000035 seconds.
  path: Assets/russian_buildings/meshes/buildings/rus_build_5et_04.obj
  artifactKey: Guid(ff809a1f37e47514d8442e159d7f97e2) Importer(815301076,1909f56bfc062723c751e8b465ee728b)
Number of updated assets reloaded before import = 0
Start importing Assets/russian_buildings/meshes/buildings/rus_build_5et_04.obj using Guid(ff809a1f37e47514d8442e159d7f97e2) Importer(815301076,1909f56bfc062723c751e8b465ee728b)  -> (artifact id: 'df112f59af0e448309e62ef6374fad17') in 0.032408 seconds 
Number of asset objects unloaded after import = 9
========================================================================
Received Import Request.
  Time since last request: 0.000043 seconds.
  path: Assets/russian_buildings/meshes/buildings_col/rus_build_5et_roof_col_01.obj
  artifactKey: Guid(2db71832e28ae7d448154b0b3412d5bf) Importer(815301076,1909f56bfc062723c751e8b465ee728b)
Number of updated assets reloaded before import = 0
Start importing Assets/russian_buildings/meshes/buildings_col/rus_build_5et_roof_col_01.obj using Guid(2db71832e28ae7d448154b0b3412d5bf) Importer(815301076,1909f56bfc062723c751e8b465ee728b)  -> (artifact id: '9e0ef09c1593b2b879afd4e44a837c48') in 0.029229 seconds 
Number of asset objects unloaded after import = 9
========================================================================
Received Import Request.
  Time since last request: 0.000046 seconds.
  path: Assets/russian_buildings/meshes/buildings_low/rus_build_5et_05_LOD2.obj
  artifactKey: Guid(6d5fc8075cb1fd64aa5e4a629ee5e5a5) Importer(815301076,1909f56bfc062723c751e8b465ee728b)
Number of updated assets reloaded before import = 0
Start importing Assets/russian_buildings/meshes/buildings_low/rus_build_5et_05_LOD2.obj using Guid(6d5fc8075cb1fd64aa5e4a629ee5e5a5) Importer(815301076,1909f56bfc062723c751e8b465ee728b)  -> (artifact id: '1007f59662fd7e90b764bd2ded00f6ab') in 0.028005 seconds 
Number of asset objects unloaded after import = 9
========================================================================
Received Import Request.
  Time since last request: 0.000035 seconds.
  path: Assets/russian_buildings/meshes/buildings_low/rus_build_5et_06_LOD1.obj
  artifactKey: Guid(8dcbdced04317b54ba8864c2ba39450a) Importer(815301076,1909f56bfc062723c751e8b465ee728b)
Number of updated assets reloaded before import = 0
Start importing Assets/russian_buildings/meshes/buildings_low/rus_build_5et_06_LOD1.obj using Guid(8dcbdced04317b54ba8864c2ba39450a) Importer(815301076,1909f56bfc062723c751e8b465ee728b)  -> (artifact id: '51d15e4412546d6f77fc30db8cb98ab2') in 0.031331 seconds 
Number of asset objects unloaded after import = 9
========================================================================
Received Import Request.
  Time since last request: 0.000028 seconds.
  path: Assets/russian_buildings/meshes/buildings_low/rus_build_4et_01a_LOD1.obj
  artifactKey: Guid(4b030011196008f4d9e6ef18fe7fba39) Importer(815301076,1909f56bfc062723c751e8b465ee728b)
Number of updated assets reloaded before import = 0
Start importing Assets/russian_buildings/meshes/buildings_low/rus_build_4et_01a_LOD1.obj using Guid(4b030011196008f4d9e6ef18fe7fba39) Importer(815301076,1909f56bfc062723c751e8b465ee728b)  -> (artifact id: '3002f83c14dfd89e9bdc61dcb0ebaf36') in 0.029286 seconds 
Number of asset objects unloaded after import = 9
========================================================================
Received Import Request.
  Time since last request: 0.000082 seconds.
  path: Assets/russian_buildings/meshes/decorations/rus_build_dec_roof_02.obj
  artifactKey: Guid(33c75c61ddd76a5488ebb690150880fb) Importer(815301076,1909f56bfc062723c751e8b465ee728b)
Number of updated assets reloaded before import = 0
Start importing Assets/russian_buildings/meshes/decorations/rus_build_dec_roof_02.obj using Guid(33c75c61ddd76a5488ebb690150880fb) Importer(815301076,1909f56bfc062723c751e8b465ee728b)  -> (artifact id: 'bec377e2ce2a4e776708bfff3234b2a9') in 0.030669 seconds 
Number of asset objects unloaded after import = 9
========================================================================
Received Import Request.
  Time since last request: 0.000029 seconds.
  path: Assets/russian_buildings/meshes/decorations/rus_build_dec_roof_04.obj
  artifactKey: Guid(8450bc07d474d58478859b2dc286e934) Importer(815301076,1909f56bfc062723c751e8b465ee728b)
Number of updated assets reloaded before import = 0
Start importing Assets/russian_buildings/meshes/decorations/rus_build_dec_roof_04.obj using Guid(8450bc07d474d58478859b2dc286e934) Importer(815301076,1909f56bfc062723c751e8b465ee728b)  -> (artifact id: 'b2340e991a89798f5b8d7d1d9fc361b4') in 0.025793 seconds 
Number of asset objects unloaded after import = 9
